2025-01-21 11:26:22.323: [INFO] VisibilityChanged: 0
2025-01-21 11:26:22.356: [INFO] RecordSyncInitDurationhas_sync_been_enabled: 0 state: 0
2025-01-21 11:26:22.357: [INFO] RecordSyncInitDurationhas_sync_been_enabled: 0 state: 0
2025-01-21 11:26:22.357: [INFO] RecordSyncInitDurationhas_sync_been_enabled: 0 state: 0
2025-01-21 11:26:22.357: [INFO] RecordSyncInitDurationhas_sync_been_enabled: 0 state: 0
2025-01-21 11:26:22.357: [INFO] RecordSyncInitDurationhas_sync_been_enabled: 0 state: 0
2025-01-21 11:26:22.357: [INFO] RecordSyncInitDurationhas_sync_been_enabled: 0 state: 0
2025-01-21 11:26:22.358: [INFO] RecordSyncInitDurationhas_sync_been_enabled: 0 state: 0
2025-01-21 11:26:22.358: [INFO] RecordSyncInitDurationhas_sync_been_enabled: 0 state: 0
2025-01-21 11:26:22.358: [INFO] RecordSyncInitDurationhas_sync_been_enabled: 0 state: 0
2025-01-21 11:26:22.358: [INFO] RecordSyncInitDurationhas_sync_been_enabled: 0 state: 0
2025-01-21 11:26:22.358: [INFO] RecordSyncInitDurationhas_sync_been_enabled: 0 state: 0
2025-01-21 11:26:22.372: [INFO] BookmarkModelLoaded, ids_reassigned: 0
2025-01-21 11:26:22.372: [INFO] OnDoneLoading sync enabled: 0
2025-01-21 11:26:22.401: [INFO] RecordSyncInitDurationhas_sync_been_enabled: 0 state: 0
2025-01-21 11:26:22.550: [INFO] Primary account changed.
2025-01-21 11:26:22.550: [INFO] OnPrimaryAccountChangedPrimaryAccountChangeEvent::Type::kSet
2025-01-21 11:26:22.553: [INFO] RecordSyncInitDurationhas_sync_been_enabled: 0 state: 3
2025-01-21 11:26:22.555: [INFO] RecordSyncInitDurationhas_sync_been_enabled: 0 state: 3
2025-01-21 11:26:22.704: [INFO] RecordSyncInitDurationhas_sync_been_enabled: 0 state: 3
2025-01-21 11:26:25.138: [INFO] BookmarkNodeAdded, ABU: 0
2025-01-21 11:26:25.138: [INFO] BookmarkNodeAdded, ABU: 0
2025-01-21 11:26:25.139: [INFO] BookmarkNodeAdded, ABU: 0
2025-01-21 11:26:29.680: [INFO] Sync initialization duration: 6788ms
2025-01-21 11:35:28.183: [INFO] VisibilityChanged: 0
2025-01-21 11:35:28.217: [INFO] BookmarkModelLoaded, ids_reassigned: 0
2025-01-21 11:35:28.217: [INFO] OnDoneLoading sync enabled: 1
2025-01-21 11:35:30.383: [INFO] Sync initialization duration: 1562ms
2025-01-21 11:38:10.211: [INFO] VisibilityChanged: 0
2025-01-21 11:38:10.245: [INFO] BookmarkModelLoaded, ids_reassigned: 0
2025-01-21 11:38:10.245: [INFO] OnDoneLoading sync enabled: 1
2025-01-21 11:38:12.279: [INFO] Sync initialization duration: 1493ms
2025-01-21 11:42:54.071: [INFO] VisibilityChanged: 0
2025-01-21 11:42:54.108: [INFO] BookmarkModelLoaded, ids_reassigned: 0
2025-01-21 11:42:54.108: [INFO] OnDoneLoading sync enabled: 1
2025-01-21 11:42:56.470: [INFO] Sync initialization duration: 1886ms
2025-01-21 11:52:52.210: [INFO] VisibilityChanged: 0
2025-01-21 11:52:52.234: [INFO] BookmarkModelLoaded, ids_reassigned: 0
2025-01-21 11:52:52.235: [INFO] OnDoneLoading sync enabled: 1
2025-01-21 11:52:54.290: [INFO] Sync initialization duration: 1473ms
2025-01-21 11:55:24.845: [INFO] VisibilityChanged: 0
2025-01-21 11:55:24.885: [INFO] BookmarkModelLoaded, ids_reassigned: 0
2025-01-21 11:55:24.885: [INFO] OnDoneLoading sync enabled: 1
2025-01-21 11:55:26.776: [INFO] Sync initialization duration: 1283ms
2025-01-21 11:58:49.667: [INFO] VisibilityChanged: 0
2025-01-21 11:58:49.709: [INFO] BookmarkModelLoaded, ids_reassigned: 0
2025-01-21 11:58:49.709: [INFO] OnDoneLoading sync enabled: 1
2025-01-21 11:58:51.502: [INFO] Sync initialization duration: 1354ms
2025-01-21 13:40:58.633: [INFO] VisibilityChanged: 0
2025-01-21 13:40:58.677: [INFO] BookmarkModelLoaded, ids_reassigned: 0
2025-01-21 13:40:58.677: [INFO] OnDoneLoading sync enabled: 1
2025-01-21 13:41:01.792: [INFO] Sync initialization duration: 2532ms
2025-01-21 13:48:11.995: [INFO] VisibilityChanged: 0
2025-01-21 13:48:12.043: [INFO] BookmarkModelLoaded, ids_reassigned: 0
2025-01-21 13:48:12.043: [INFO] OnDoneLoading sync enabled: 1
2025-01-21 13:48:14.302: [INFO] Sync initialization duration: 1779ms
2025-01-21 13:51:39.489: [INFO] VisibilityChanged: 0
2025-01-21 13:51:39.531: [INFO] BookmarkModelLoaded, ids_reassigned: 0
2025-01-21 13:51:39.531: [INFO] OnDoneLoading sync enabled: 1
2025-01-21 13:51:41.970: [INFO] Sync initialization duration: 1687ms
2025-01-21 13:58:38.951: [INFO] VisibilityChanged: 0
2025-01-21 13:58:38.991: [INFO] BookmarkModelLoaded, ids_reassigned: 0
2025-01-21 13:58:38.991: [INFO] OnDoneLoading sync enabled: 1
2025-01-21 13:58:40.729: [INFO] Sync initialization duration: 1318ms
2025-01-21 14:06:13.266: [INFO] VisibilityChanged: 0
2025-01-21 14:06:13.304: [INFO] BookmarkModelLoaded, ids_reassigned: 0
2025-01-21 14:06:13.304: [INFO] OnDoneLoading sync enabled: 1
2025-01-21 14:06:15.246: [INFO] Sync initialization duration: 1454ms
2025-01-21 15:21:36.544: [INFO] VisibilityChanged: 0
2025-01-21 15:21:36.581: [INFO] BookmarkModelLoaded, ids_reassigned: 0
2025-01-21 15:21:36.581: [INFO] OnDoneLoading sync enabled: 1
2025-01-21 15:21:38.328: [INFO] Sync initialization duration: 1240ms
2025-01-21 15:38:58.052: [INFO] VisibilityChanged: 0
2025-01-21 15:38:58.089: [INFO] BookmarkModelLoaded, ids_reassigned: 0
2025-01-21 15:38:58.089: [INFO] OnDoneLoading sync enabled: 1
2025-01-21 15:39:00.511: [INFO] Sync initialization duration: 1966ms
2025-01-21 15:43:31.898: [INFO] VisibilityChanged: 0
2025-01-21 15:43:31.939: [INFO] BookmarkModelLoaded, ids_reassigned: 0
2025-01-21 15:43:31.939: [INFO] OnDoneLoading sync enabled: 1
2025-01-21 15:43:34.108: [INFO] Sync initialization duration: 1704ms
2025-01-21 15:48:27.413: [INFO] VisibilityChanged: 0
2025-01-21 15:48:27.456: [INFO] BookmarkModelLoaded, ids_reassigned: 0
2025-01-21 15:48:27.456: [INFO] OnDoneLoading sync enabled: 1
2025-01-21 15:48:29.561: [INFO] Sync initialization duration: 1642ms
2025-01-21 16:03:18.267: [INFO] VisibilityChanged: 0
2025-01-21 16:03:18.311: [INFO] BookmarkModelLoaded, ids_reassigned: 0
2025-01-21 16:03:18.311: [INFO] OnDoneLoading sync enabled: 1
2025-01-21 16:03:20.389: [INFO] Sync initialization duration: 1614ms
2025-01-21 16:13:41.987: [INFO] VisibilityChanged: 0
2025-01-21 16:13:42.025: [INFO] BookmarkModelLoaded, ids_reassigned: 0
2025-01-21 16:13:42.025: [INFO] OnDoneLoading sync enabled: 1
2025-01-21 16:13:43.978: [INFO] Sync initialization duration: 1451ms
