{"logTime": "0121/115531", "correlationVector":"B5Nsig0kjXENKhs37kRobv.3","action":"Commit.Sessions", "result":"Success", "context":{"id":"a28fd1bc-9e45-49b7-b025-f271c68cb7be", "isDeleted":"true", "size":"0", "version":"1737460526676"}}
{"logTime": "0121/115736", "correlationVector":"8t+rsUc22vmZmYsO+8wmiV","action":"Commit Request", "result":"", "context":Item count: 1
Contributing types: Sessions}
{"logTime": "0121/115736", "correlationVector":"8t+rsUc22vmZmYsO+8wmiV.1","action":"SyncServerConnectionManagerRequest", "result":"SYNC_SERVER_OK", "context":{"environment":"Prod_southeastasia_prod-s01-064-apac-southeastasia", "migrationStage":"NotStarted", "server":"akswtt003000027"}}
{"logTime": "0121/115736", "correlationVector":"8t+rsUc22vmZmYsO+8wmiV.2","action":"Commit Response", "result":"Success", "context":Result: Success. cV=8t+rsUc22vmZmYsO+8wmiV.0;server=akswtt003000027;cloudType=Consumer;environment=Prod_southeastasia_prod-s01-064-apac-southeastasia;migrationStage=NotStarted}
{"logTime": "0121/115850", "correlationVector":"MoonxwS33+yMeZsTrqyZ4n.1","action":"SyncServerConnectionManagerRequest", "result":"SYNC_SERVER_OK", "context":{"environment":"Prod_southeastasia_prod-s01-064-apac-southeastasia", "migrationStage":"NotStarted", "server":"akswtt00300002j"}}
{"logTime": "0121/115851", "correlationVector":"8/SBpC1lgYIk8WiGNlte0b","action":"SyncServerConnectionManagerRequest", "result":"SYNC_SERVER_OK", "context":{"environment":"", "migrationStage":"", "server":""}}
{"logTime": "0121/115851", "correlationVector":"MoonxwS33+yMeZsTrqyZ4n","action":"Initial GetUpdates", "result":"", "context":Reason: NEW_CLIENT. cV=MoonxwS33+yMeZsTrqyZ4n}
{"logTime": "0121/115851", "correlationVector":"MoonxwS33+yMeZsTrqyZ4n.2","action":"GetUpdates Response", "result":"Success", "context":Received 1 update(s). cV=MoonxwS33+yMeZsTrqyZ4n.0;server=akswtt00300002j;cloudType=Consumer;environment=Prod_southeastasia_prod-s01-064-apac-southeastasia;migrationStage=NotStarted}
{"logTime": "0121/115851", "correlationVector":"Oo4UWMTUgbi+MuSfn7kxuv","action":"Initial GetUpdates", "result":"", "context":Reason: NEWLY_SUPPORTED_DATATYPE. cV=Oo4UWMTUgbi+MuSfn7kxuv}
{"logTime": "0121/115851", "correlationVector":"Oo4UWMTUgbi+MuSfn7kxuv.1","action":"SyncServerConnectionManagerRequest", "result":"SYNC_SERVER_OK", "context":{"environment":"Prod_southeastasia_prod-s01-064-apac-southeastasia", "migrationStage":"NotStarted", "server":"akswtt003000000"}}
{"logTime": "0121/115851", "correlationVector":"Oo4UWMTUgbi+MuSfn7kxuv.2","action":"GetUpdates", "result":"DeleteReceived", "context":{"id":"4d3c7333-6afd-4a9f-a50d-24519cf8661a", "isDeleted:":"true", "version":"1735977145201"}}
{"logTime": "0121/115851", "correlationVector":"Oo4UWMTUgbi+MuSfn7kxuv.3","action":"GetUpdates Response", "result":"Success", "context":Received 14 update(s). cV=Oo4UWMTUgbi+MuSfn7kxuv.0;server=akswtt003000000;cloudType=Consumer;environment=Prod_southeastasia_prod-s01-064-apac-southeastasia;migrationStage=NotStarted}
{"logTime": "0121/115851", "correlationVector":"s1OQYO1SktfDsLWgNdLf21","action":"Normal GetUpdate request", "result":"", "context":cV=s1OQYO1SktfDsLWgNdLf21
Nudged types: Sessions
Refresh requested types: Bookmarks, Preferences, Passwords, Autofill Profiles, Autofill, Extensions, Sessions, Extension settings, History Delete Directives, Device Info, User Consents, Send Tab To Self, Web Apps, History, Collection, Edge E Drop, Edge Hub App Usage, Edge Tab Group, Edge Wallet, Encryption Keys}
{"logTime": "0121/115851", "correlationVector":"s1OQYO1SktfDsLWgNdLf21.1","action":"SyncServerConnectionManagerRequest", "result":"SYNC_SERVER_OK", "context":{"environment":"Prod_southeastasia_prod-s01-064-apac-southeastasia", "migrationStage":"NotStarted", "server":"akswtt00300000t"}}
{"logTime": "0121/115851", "correlationVector":"s1OQYO1SktfDsLWgNdLf21.2","action":"GetUpdates", "result":"DeleteReceived", "context":{"id":"a28fd1bc-9e45-49b7-b025-f271c68cb7be", "isDeleted:":"true", "version":"1737460530519"}}
{"logTime": "0121/115851", "correlationVector":"s1OQYO1SktfDsLWgNdLf21.3","action":"GetUpdates Response", "result":"Success", "context":Received 12 update(s). cV=s1OQYO1SktfDsLWgNdLf21.0;server=akswtt00300000t;cloudType=Consumer;environment=Prod_southeastasia_prod-s01-064-apac-southeastasia;migrationStage=NotStarted}
{"logTime": "0121/115851", "correlationVector":"aXOsR684+5VZpfGkMaCAXi","action":"Commit Request", "result":"", "context":Item count: 3
Contributing types: Sessions}
{"logTime": "0121/115852", "correlationVector":"aXOsR684+5VZpfGkMaCAXi.1","action":"SyncServerConnectionManagerRequest", "result":"SYNC_SERVER_OK", "context":{"environment":"Prod_southeastasia_prod-s01-064-apac-southeastasia", "migrationStage":"NotStarted", "server":"akswtt003000023"}}
{"logTime": "0121/115852", "correlationVector":"aXOsR684+5VZpfGkMaCAXi.3","action":"Commit.Sessions", "result":"Success", "context":{"id":"e84a68ba-07f3-4fb5-8db9-2f2b5f228633", "isDeleted":"true", "size":"0", "version":"1737460655660"}}
{"logTime": "0121/115852", "correlationVector":"aXOsR684+5VZpfGkMaCAXi.2","action":"Commit Response", "result":"Success", "context":Result: Success. cV=aXOsR684+5VZpfGkMaCAXi.0;server=akswtt003000023;cloudType=Consumer;environment=Prod_southeastasia_prod-s01-064-apac-southeastasia;migrationStage=NotStarted}
{"logTime": "0121/115855", "correlationVector":"oahBgmlBdqIccCyYk+o8n7","action":"Commit Request", "result":"", "context":Item count: 8
Contributing types: Preferences, Sessions, History}
{"logTime": "0121/115856", "correlationVector":"oahBgmlBdqIccCyYk+o8n7.1","action":"SyncServerConnectionManagerRequest", "result":"SYNC_SERVER_OK", "context":{"environment":"Prod_southeastasia_prod-s01-064-apac-southeastasia", "migrationStage":"NotStarted", "server":"akswtt00300001b"}}
{"logTime": "0121/115856", "correlationVector":"oahBgmlBdqIccCyYk+o8n7.2","action":"Commit Response", "result":"Success", "context":Result: Success. cV=oahBgmlBdqIccCyYk+o8n7.0;server=akswtt00300001b;cloudType=Consumer;environment=Prod_southeastasia_prod-s01-064-apac-southeastasia;migrationStage=NotStarted}
{"logTime": "0121/120108", "correlationVector":"/oTLTpjx+1TORcGO0yIgTS","action":"Commit Request", "result":"", "context":Item count: 4
Contributing types: Sessions, History}
{"logTime": "0121/120109", "correlationVector":"/oTLTpjx+1TORcGO0yIgTS.1","action":"SyncServerConnectionManagerRequest", "result":"SYNC_SERVER_OK", "context":{"environment":"Prod_southeastasia_prod-s01-064-apac-southeastasia", "migrationStage":"NotStarted", "server":"akswtt003000023"}}
{"logTime": "0121/120109", "correlationVector":"/oTLTpjx+1TORcGO0yIgTS.2","action":"Commit Response", "result":"Success", "context":Result: Success. cV=/oTLTpjx+1TORcGO0yIgTS.0;server=akswtt003000023;cloudType=Consumer;environment=Prod_southeastasia_prod-s01-064-apac-southeastasia;migrationStage=NotStarted}
{"logTime": "0121/134100", "correlationVector":"MGWjzM+qJB9J3l5OBSpokK.1","action":"SyncServerConnectionManagerRequest", "result":"SYNC_SERVER_OK", "context":{"environment":"Prod_southeastasia_prod-s01-064-apac-southeastasia", "migrationStage":"NotStarted", "server":"akswtt00300002m"}}
{"logTime": "0121/134101", "correlationVector":"UD+k8LpZIW5HmGAeQ6HywF","action":"SyncServerConnectionManagerRequest", "result":"SYNC_SERVER_OK", "context":{"environment":"", "migrationStage":"", "server":""}}
{"logTime": "0121/134101", "correlationVector":"MGWjzM+qJB9J3l5OBSpokK","action":"Initial GetUpdates", "result":"", "context":Reason: NEW_CLIENT. cV=MGWjzM+qJB9J3l5OBSpokK}
{"logTime": "0121/134101", "correlationVector":"MGWjzM+qJB9J3l5OBSpokK.2","action":"GetUpdates Response", "result":"Success", "context":Received 1 update(s). cV=MGWjzM+qJB9J3l5OBSpokK.0;server=akswtt00300002m;cloudType=Consumer;environment=Prod_southeastasia_prod-s01-064-apac-southeastasia;migrationStage=NotStarted}
{"logTime": "0121/134101", "correlationVector":"RkQndmM5YySd2sWiAOmBOJ","action":"Initial GetUpdates", "result":"", "context":Reason: NEWLY_SUPPORTED_DATATYPE. cV=RkQndmM5YySd2sWiAOmBOJ}
{"logTime": "0121/134101", "correlationVector":"RkQndmM5YySd2sWiAOmBOJ.1","action":"SyncServerConnectionManagerRequest", "result":"SYNC_SERVER_OK", "context":{"environment":"Prod_southeastasia_prod-s01-064-apac-southeastasia", "migrationStage":"NotStarted", "server":"akswtt00300005j"}}
{"logTime": "0121/134101", "correlationVector":"RkQndmM5YySd2sWiAOmBOJ.2","action":"GetUpdates", "result":"DeleteReceived", "context":{"id":"4d3c7333-6afd-4a9f-a50d-24519cf8661a", "isDeleted:":"true", "version":"1735977145201"}}
{"logTime": "0121/134101", "correlationVector":"RkQndmM5YySd2sWiAOmBOJ.3","action":"GetUpdates Response", "result":"Success", "context":Received 14 update(s). cV=RkQndmM5YySd2sWiAOmBOJ.0;server=akswtt00300005j;cloudType=Consumer;environment=Prod_southeastasia_prod-s01-064-apac-southeastasia;migrationStage=NotStarted}
{"logTime": "0121/134101", "correlationVector":"qMMGOaFFiWdcqHJ9g6f98G","action":"Normal GetUpdate request", "result":"", "context":cV=qMMGOaFFiWdcqHJ9g6f98G
Nudged types: Sessions, History
Refresh requested types: Bookmarks, Preferences, Passwords, Autofill Profiles, Autofill, Extensions, Sessions, Extension settings, History Delete Directives, Device Info, User Consents, Send Tab To Self, Web Apps, History, Collection, Edge E Drop, Edge Hub App Usage, Edge Tab Group, Edge Wallet, Encryption Keys}
{"logTime": "0121/134102", "correlationVector":"qMMGOaFFiWdcqHJ9g6f98G.1","action":"SyncServerConnectionManagerRequest", "result":"SYNC_SERVER_OK", "context":{"environment":"Prod_southeastasia_prod-s01-064-apac-southeastasia", "migrationStage":"NotStarted", "server":"akswtt003000024"}}
{"logTime": "0121/134102", "correlationVector":"qMMGOaFFiWdcqHJ9g6f98G.2","action":"GetUpdates", "result":"DeleteReceived", "context":{"id":"e84a68ba-07f3-4fb5-8db9-2f2b5f228633", "isDeleted:":"true", "version":"1737460731396"}}
{"logTime": "0121/134102", "correlationVector":"qMMGOaFFiWdcqHJ9g6f98G.3","action":"GetUpdates", "result":"DeleteReceived", "context":{"id":"12238655-0854-471e-b840-7d88ec673330", "isDeleted:":"true", "version":"1737466585291"}}
{"logTime": "0121/134102", "correlationVector":"qMMGOaFFiWdcqHJ9g6f98G.4","action":"GetUpdates Response", "result":"Success", "context":Received 23 update(s). cV=qMMGOaFFiWdcqHJ9g6f98G.0;server=akswtt003000024;cloudType=Consumer;environment=Prod_southeastasia_prod-s01-064-apac-southeastasia;migrationStage=NotStarted}
{"logTime": "0121/134102", "correlationVector":"5P+IPEfTvOW/pWpffP4mcl","action":"Commit Request", "result":"", "context":Item count: 3
Contributing types: Sessions}
{"logTime": "0121/134102", "correlationVector":"5P+IPEfTvOW/pWpffP4mcl.1","action":"SyncServerConnectionManagerRequest", "result":"SYNC_SERVER_OK", "context":{"environment":"Prod_southeastasia_prod-s01-064-apac-southeastasia", "migrationStage":"NotStarted", "server":"akswtt00300005j"}}
{"logTime": "0121/134102", "correlationVector":"5P+IPEfTvOW/pWpffP4mcl.3","action":"Commit.Sessions", "result":"Success", "context":{"id":"985184ec-a8bf-4026-acc8-6629e6580721", "isDeleted":"true", "size":"0", "version":"1737460868451"}}
{"logTime": "0121/134102", "correlationVector":"5P+IPEfTvOW/pWpffP4mcl.2","action":"Commit Response", "result":"Success", "context":Result: Success. cV=5P+IPEfTvOW/pWpffP4mcl.0;server=akswtt00300005j;cloudType=Consumer;environment=Prod_southeastasia_prod-s01-064-apac-southeastasia;migrationStage=NotStarted}
{"logTime": "0121/134105", "correlationVector":"WJfdGv5LYVrhWQsWLm+m1h","action":"Commit Request", "result":"", "context":Item count: 8
Contributing types: Preferences, Sessions, History}
{"logTime": "0121/134106", "correlationVector":"WJfdGv5LYVrhWQsWLm+m1h.1","action":"SyncServerConnectionManagerRequest", "result":"SYNC_SERVER_OK", "context":{"environment":"Prod_southeastasia_prod-s01-064-apac-southeastasia", "migrationStage":"NotStarted", "server":"akswtt00300002d"}}
{"logTime": "0121/134106", "correlationVector":"WJfdGv5LYVrhWQsWLm+m1h.2","action":"Commit Response", "result":"Success", "context":Result: Success. cV=WJfdGv5LYVrhWQsWLm+m1h.0;server=akswtt00300002d;cloudType=Consumer;environment=Prod_southeastasia_prod-s01-064-apac-southeastasia;migrationStage=NotStarted}
{"logTime": "0121/134813", "correlationVector":"mWEyoh5qkSQoOc0ZbEK7rj.1","action":"SyncServerConnectionManagerRequest", "result":"SYNC_SERVER_OK", "context":{"environment":"Prod_southeastasia_prod-s01-064-apac-southeastasia", "migrationStage":"NotStarted", "server":"akswtt00300000e"}}
{"logTime": "0121/134813", "correlationVector":"xZKmHXVQsa/tubzKT/Ilmd","action":"SyncServerConnectionManagerRequest", "result":"SYNC_SERVER_OK", "context":{"environment":"", "migrationStage":"", "server":""}}
{"logTime": "0121/134814", "correlationVector":"mWEyoh5qkSQoOc0ZbEK7rj","action":"Initial GetUpdates", "result":"", "context":Reason: NEW_CLIENT. cV=mWEyoh5qkSQoOc0ZbEK7rj}
{"logTime": "0121/134814", "correlationVector":"mWEyoh5qkSQoOc0ZbEK7rj.2","action":"GetUpdates Response", "result":"Success", "context":Received 1 update(s). cV=mWEyoh5qkSQoOc0ZbEK7rj.0;server=akswtt00300000e;cloudType=Consumer;environment=Prod_southeastasia_prod-s01-064-apac-southeastasia;migrationStage=NotStarted}
{"logTime": "0121/134814", "correlationVector":"hVijhcBfzQTy05VWPVJAMu","action":"Initial GetUpdates", "result":"", "context":Reason: NEWLY_SUPPORTED_DATATYPE. cV=hVijhcBfzQTy05VWPVJAMu}
{"logTime": "0121/134814", "correlationVector":"hVijhcBfzQTy05VWPVJAMu.1","action":"SyncServerConnectionManagerRequest", "result":"SYNC_SERVER_OK", "context":{"environment":"Prod_southeastasia_prod-s01-064-apac-southeastasia", "migrationStage":"NotStarted", "server":"akswtt00300004n"}}
{"logTime": "0121/134814", "correlationVector":"hVijhcBfzQTy05VWPVJAMu.2","action":"GetUpdates", "result":"DeleteReceived", "context":{"id":"4d3c7333-6afd-4a9f-a50d-24519cf8661a", "isDeleted:":"true", "version":"1735977145201"}}
{"logTime": "0121/134814", "correlationVector":"hVijhcBfzQTy05VWPVJAMu.3","action":"GetUpdates Response", "result":"Success", "context":Received 14 update(s). cV=hVijhcBfzQTy05VWPVJAMu.0;server=akswtt00300004n;cloudType=Consumer;environment=Prod_southeastasia_prod-s01-064-apac-southeastasia;migrationStage=NotStarted}
{"logTime": "0121/134814", "correlationVector":"csv+rvWWVQlPxl27SZVGgB","action":"Normal GetUpdate request", "result":"", "context":cV=csv+rvWWVQlPxl27SZVGgB
Nudged types: Sessions, History
Refresh requested types: Bookmarks, Preferences, Passwords, Autofill Profiles, Autofill, Extensions, Sessions, Extension settings, History Delete Directives, Device Info, User Consents, Send Tab To Self, Web Apps, History, Collection, Edge E Drop, Edge Hub App Usage, Edge Tab Group, Edge Wallet, Encryption Keys}
{"logTime": "0121/134814", "correlationVector":"csv+rvWWVQlPxl27SZVGgB.1","action":"SyncServerConnectionManagerRequest", "result":"SYNC_SERVER_OK", "context":{"environment":"Prod_southeastasia_prod-s01-064-apac-southeastasia", "migrationStage":"NotStarted", "server":"akswtt003000037"}}
{"logTime": "0121/134814", "correlationVector":"csv+rvWWVQlPxl27SZVGgB.2","action":"GetUpdates", "result":"DeleteReceived", "context":{"id":"985184ec-a8bf-4026-acc8-6629e6580721", "isDeleted:":"true", "version":"1737466861503"}}
{"logTime": "0121/134814", "correlationVector":"csv+rvWWVQlPxl27SZVGgB.3","action":"GetUpdates Response", "result":"Success", "context":Received 10 update(s). cV=csv+rvWWVQlPxl27SZVGgB.0;server=akswtt003000037;cloudType=Consumer;environment=Prod_southeastasia_prod-s01-064-apac-southeastasia;migrationStage=NotStarted}
{"logTime": "0121/134814", "correlationVector":"qH5c1XWCWysAqfYioj+Ub7","action":"Commit Request", "result":"", "context":Item count: 4
Contributing types: Sessions, History}
{"logTime": "0121/134815", "correlationVector":"qH5c1XWCWysAqfYioj+Ub7.1","action":"SyncServerConnectionManagerRequest", "result":"SYNC_SERVER_OK", "context":{"environment":"Prod_southeastasia_prod-s01-064-apac-southeastasia", "migrationStage":"NotStarted", "server":"akswtt00300000b"}}
{"logTime": "0121/134815", "correlationVector":"qH5c1XWCWysAqfYioj+Ub7.3","action":"Commit.Sessions", "result":"Success", "context":{"id":"0d311fe3-c7b0-4e60-9599-75387321c9c9", "isDeleted":"true", "size":"0", "version":"1737466865367"}}
{"logTime": "0121/134815", "correlationVector":"qH5c1XWCWysAqfYioj+Ub7.2","action":"Commit Response", "result":"Success", "context":Result: Success. cV=qH5c1XWCWysAqfYioj+Ub7.0;server=akswtt00300000b;cloudType=Consumer;environment=Prod_southeastasia_prod-s01-064-apac-southeastasia;migrationStage=NotStarted}
{"logTime": "0121/134818", "correlationVector":"XT3WEEbxBYTluMdGlwg18D","action":"Commit Request", "result":"", "context":Item count: 8
Contributing types: Preferences, Sessions, History}
{"logTime": "0121/134818", "correlationVector":"XT3WEEbxBYTluMdGlwg18D.1","action":"SyncServerConnectionManagerRequest", "result":"SYNC_SERVER_OK", "context":{"environment":"Prod_southeastasia_prod-s01-064-apac-southeastasia", "migrationStage":"NotStarted", "server":"akswtt00300000b"}}
{"logTime": "0121/134818", "correlationVector":"XT3WEEbxBYTluMdGlwg18D.2","action":"Commit Response", "result":"Success", "context":Result: Success. cV=XT3WEEbxBYTluMdGlwg18D.0;server=akswtt00300000b;cloudType=Consumer;environment=Prod_southeastasia_prod-s01-064-apac-southeastasia;migrationStage=NotStarted}
{"logTime": "0121/135039", "correlationVector":"1u/AoywMEEL7+EC0BMRL3w","action":"Commit Request", "result":"", "context":Item count: 1
Contributing types: Sessions}
{"logTime": "0121/135039", "correlationVector":"1u/AoywMEEL7+EC0BMRL3w.1","action":"SyncServerConnectionManagerRequest", "result":"SYNC_SERVER_OK", "context":{"environment":"Prod_southeastasia_prod-s01-064-apac-southeastasia", "migrationStage":"NotStarted", "server":"akswtt00300001r"}}
{"logTime": "0121/135039", "correlationVector":"1u/AoywMEEL7+EC0BMRL3w.2","action":"Commit Response", "result":"Success", "context":Result: Success. cV=1u/AoywMEEL7+EC0BMRL3w.0;server=akswtt00300001r;cloudType=Consumer;environment=Prod_southeastasia_prod-s01-064-apac-southeastasia;migrationStage=NotStarted}
{"logTime": "0121/135140", "correlationVector":"C7dvv2uku8vok8mKSj2dly.1","action":"SyncServerConnectionManagerRequest", "result":"SYNC_SERVER_OK", "context":{"environment":"Prod_southeastasia_prod-s01-064-apac-southeastasia", "migrationStage":"NotStarted", "server":"akswtt00300002r"}}
{"logTime": "0121/135141", "correlationVector":"1kgzaNYUCpjuvUp4p07gax","action":"SyncServerConnectionManagerRequest", "result":"SYNC_SERVER_OK", "context":{"environment":"", "migrationStage":"", "server":""}}
{"logTime": "0121/135141", "correlationVector":"C7dvv2uku8vok8mKSj2dly","action":"Initial GetUpdates", "result":"", "context":Reason: NEW_CLIENT. cV=C7dvv2uku8vok8mKSj2dly}
{"logTime": "0121/135141", "correlationVector":"C7dvv2uku8vok8mKSj2dly.2","action":"GetUpdates Response", "result":"Success", "context":Received 1 update(s). cV=C7dvv2uku8vok8mKSj2dly.0;server=akswtt00300002r;cloudType=Consumer;environment=Prod_southeastasia_prod-s01-064-apac-southeastasia;migrationStage=NotStarted}
{"logTime": "0121/135141", "correlationVector":"ik1bFOzDm2bsJFTZ/DGw2i","action":"Initial GetUpdates", "result":"", "context":Reason: NEWLY_SUPPORTED_DATATYPE. cV=ik1bFOzDm2bsJFTZ/DGw2i}
{"logTime": "0121/135141", "correlationVector":"ik1bFOzDm2bsJFTZ/DGw2i.1","action":"SyncServerConnectionManagerRequest", "result":"SYNC_SERVER_OK", "context":{"environment":"Prod_southeastasia_prod-s01-064-apac-southeastasia", "migrationStage":"NotStarted", "server":"akswtt00300002r"}}
{"logTime": "0121/135141", "correlationVector":"ik1bFOzDm2bsJFTZ/DGw2i.2","action":"GetUpdates", "result":"DeleteReceived", "context":{"id":"4d3c7333-6afd-4a9f-a50d-24519cf8661a", "isDeleted:":"true", "version":"1735977145201"}}
{"logTime": "0121/135141", "correlationVector":"ik1bFOzDm2bsJFTZ/DGw2i.3","action":"GetUpdates Response", "result":"Success", "context":Received 14 update(s). cV=ik1bFOzDm2bsJFTZ/DGw2i.0;server=akswtt00300002r;cloudType=Consumer;environment=Prod_southeastasia_prod-s01-064-apac-southeastasia;migrationStage=NotStarted}
{"logTime": "0121/135142", "correlationVector":"oNuVABywXoNiUu7OaDOb6I","action":"Normal GetUpdate request", "result":"", "context":cV=oNuVABywXoNiUu7OaDOb6I
Nudged types: Sessions
Refresh requested types: Bookmarks, Preferences, Passwords, Autofill Profiles, Autofill, Extensions, Sessions, Extension settings, History Delete Directives, Device Info, User Consents, Send Tab To Self, Web Apps, History, Collection, Edge E Drop, Edge Hub App Usage, Edge Tab Group, Edge Wallet, Encryption Keys}
{"logTime": "0121/135142", "correlationVector":"oNuVABywXoNiUu7OaDOb6I.1","action":"SyncServerConnectionManagerRequest", "result":"SYNC_SERVER_OK", "context":{"environment":"Prod_southeastasia_prod-s01-064-apac-southeastasia", "migrationStage":"NotStarted", "server":"akswtt00300002r"}}
{"logTime": "0121/135142", "correlationVector":"oNuVABywXoNiUu7OaDOb6I.2","action":"GetUpdates", "result":"DeleteReceived", "context":{"id":"0d311fe3-c7b0-4e60-9599-75387321c9c9", "isDeleted:":"true", "version":"1737467294154"}}
{"logTime": "0121/135142", "correlationVector":"oNuVABywXoNiUu7OaDOb6I.3","action":"GetUpdates Response", "result":"Success", "context":Received 13 update(s). cV=oNuVABywXoNiUu7OaDOb6I.0;server=akswtt00300002r;cloudType=Consumer;environment=Prod_southeastasia_prod-s01-064-apac-southeastasia;migrationStage=NotStarted}
{"logTime": "0121/135142", "correlationVector":"Cl8Ap/5Jo8drp4lLlEtJ9x","action":"Commit Request", "result":"", "context":Item count: 3
Contributing types: Sessions}
{"logTime": "0121/135142", "correlationVector":"Cl8Ap/5Jo8drp4lLlEtJ9x.1","action":"SyncServerConnectionManagerRequest", "result":"SYNC_SERVER_OK", "context":{"environment":"Prod_southeastasia_prod-s01-064-apac-southeastasia", "migrationStage":"NotStarted", "server":"akswtt00300002r"}}
{"logTime": "0121/135142", "correlationVector":"Cl8Ap/5Jo8drp4lLlEtJ9x.3","action":"Commit.Sessions", "result":"Success", "context":{"id":"78abfd5b-4d48-41d8-9f71-ae906f3cd95c", "isDeleted":"true", "size":"0", "version":"1737467438563"}}
{"logTime": "0121/135142", "correlationVector":"Cl8Ap/5Jo8drp4lLlEtJ9x.2","action":"Commit Response", "result":"Success", "context":Result: Success. cV=Cl8Ap/5Jo8drp4lLlEtJ9x.0;server=akswtt00300002r;cloudType=Consumer;environment=Prod_southeastasia_prod-s01-064-apac-southeastasia;migrationStage=NotStarted}
{"logTime": "0121/135146", "correlationVector":"p77MBJdvQMl7gpEw3TJ2ob","action":"Commit Request", "result":"", "context":Item count: 8
Contributing types: Preferences, Sessions, History}
{"logTime": "0121/135147", "correlationVector":"p77MBJdvQMl7gpEw3TJ2ob.1","action":"SyncServerConnectionManagerRequest", "result":"SYNC_SERVER_OK", "context":{"environment":"Prod_southeastasia_prod-s01-064-apac-southeastasia", "migrationStage":"NotStarted", "server":"akswtt00300002a"}}
{"logTime": "0121/135147", "correlationVector":"p77MBJdvQMl7gpEw3TJ2ob.2","action":"Commit Response", "result":"Success", "context":Result: Success. cV=p77MBJdvQMl7gpEw3TJ2ob.0;server=akswtt00300002a;cloudType=Consumer;environment=Prod_southeastasia_prod-s01-064-apac-southeastasia;migrationStage=NotStarted}
{"logTime": "0121/135603", "correlationVector":"L93+XPvjFJ8AB3+hdVxN9o","action":"Commit Request", "result":"", "context":Item count: 1
Contributing types: Sessions}
{"logTime": "0121/135604", "correlationVector":"L93+XPvjFJ8AB3+hdVxN9o.1","action":"SyncServerConnectionManagerRequest", "result":"SYNC_SERVER_OK", "context":{"environment":"Prod_southeastasia_prod-s01-064-apac-southeastasia", "migrationStage":"NotStarted", "server":"akswtt00300002d"}}
{"logTime": "0121/135604", "correlationVector":"L93+XPvjFJ8AB3+hdVxN9o.2","action":"Commit Response", "result":"Success", "context":Result: Success. cV=L93+XPvjFJ8AB3+hdVxN9o.0;server=akswtt00300002d;cloudType=Consumer;environment=Prod_southeastasia_prod-s01-064-apac-southeastasia;migrationStage=NotStarted}
{"logTime": "0121/135839", "correlationVector":"GsLfDovmHBwK16uc6wSsBs.1","action":"SyncServerConnectionManagerRequest", "result":"SYNC_SERVER_OK", "context":{"environment":"Prod_southeastasia_prod-s01-065-apac-southeastasia", "migrationStage":"NotStarted", "server":"akswtt00300000h"}}
{"logTime": "0121/135840", "correlationVector":"ZDnIiOc+hEVTxlpPPmGJv7","action":"SyncServerConnectionManagerRequest", "result":"SYNC_SERVER_OK", "context":{"environment":"", "migrationStage":"", "server":""}}
{"logTime": "0121/135840", "correlationVector":"GsLfDovmHBwK16uc6wSsBs","action":"Initial GetUpdates", "result":"", "context":Reason: NEW_CLIENT. cV=GsLfDovmHBwK16uc6wSsBs}
{"logTime": "0121/135840", "correlationVector":"GsLfDovmHBwK16uc6wSsBs.2","action":"GetUpdates Response", "result":"Success", "context":Received 1 update(s). cV=GsLfDovmHBwK16uc6wSsBs.0;server=akswtt00300000h;cloudType=Consumer;environment=Prod_southeastasia_prod-s01-065-apac-southeastasia;migrationStage=NotStarted}
{"logTime": "0121/135840", "correlationVector":"MEctJyDL41fMsI+ZRdIKRe","action":"Initial GetUpdates", "result":"", "context":Reason: NEWLY_SUPPORTED_DATATYPE. cV=MEctJyDL41fMsI+ZRdIKRe}
{"logTime": "0121/135840", "correlationVector":"MEctJyDL41fMsI+ZRdIKRe.1","action":"SyncServerConnectionManagerRequest", "result":"SYNC_SERVER_OK", "context":{"environment":"Prod_southeastasia_prod-s01-065-apac-southeastasia", "migrationStage":"NotStarted", "server":"akswtt00300002y"}}
{"logTime": "0121/135840", "correlationVector":"MEctJyDL41fMsI+ZRdIKRe.2","action":"GetUpdates", "result":"DeleteReceived", "context":{"id":"4d3c7333-6afd-4a9f-a50d-24519cf8661a", "isDeleted:":"true", "version":"1735977145201"}}
{"logTime": "0121/135840", "correlationVector":"MEctJyDL41fMsI+ZRdIKRe.3","action":"GetUpdates Response", "result":"Success", "context":Received 14 update(s). cV=MEctJyDL41fMsI+ZRdIKRe.0;server=akswtt00300002y;cloudType=Consumer;environment=Prod_southeastasia_prod-s01-065-apac-southeastasia;migrationStage=NotStarted}
{"logTime": "0121/135840", "correlationVector":"JC5fW8Rm9fldYEKe7FjeHQ","action":"Normal GetUpdate request", "result":"", "context":cV=JC5fW8Rm9fldYEKe7FjeHQ
Nudged types: Sessions
Refresh requested types: Bookmarks, Preferences, Passwords, Autofill Profiles, Autofill, Extensions, Sessions, Extension settings, History Delete Directives, Device Info, User Consents, Send Tab To Self, Web Apps, History, Collection, Edge E Drop, Edge Hub App Usage, Edge Tab Group, Edge Wallet, Encryption Keys}
{"logTime": "0121/135841", "correlationVector":"JC5fW8Rm9fldYEKe7FjeHQ.1","action":"SyncServerConnectionManagerRequest", "result":"SYNC_SERVER_OK", "context":{"environment":"Prod_southeastasia_prod-s01-065-apac-southeastasia", "migrationStage":"NotStarted", "server":"akswtt003000031"}}
{"logTime": "0121/135841", "correlationVector":"JC5fW8Rm9fldYEKe7FjeHQ.2","action":"GetUpdates", "result":"DeleteReceived", "context":{"id":"78abfd5b-4d48-41d8-9f71-ae906f3cd95c", "isDeleted:":"true", "version":"1737467501681"}}
{"logTime": "0121/135841", "correlationVector":"JC5fW8Rm9fldYEKe7FjeHQ.3","action":"GetUpdates Response", "result":"Success", "context":Received 12 update(s). cV=JC5fW8Rm9fldYEKe7FjeHQ.0;server=akswtt003000031;cloudType=Consumer;environment=Prod_southeastasia_prod-s01-065-apac-southeastasia;migrationStage=NotStarted}
{"logTime": "0121/135841", "correlationVector":"F7t9YGIs0PMvt1Nsi5TdPe","action":"Commit Request", "result":"", "context":Item count: 3
Contributing types: Sessions}
{"logTime": "0121/135841", "correlationVector":"F7t9YGIs0PMvt1Nsi5TdPe.1","action":"SyncServerConnectionManagerRequest", "result":"SYNC_SERVER_OK", "context":{"environment":"Prod_southeastasia_prod-s01-065-apac-southeastasia", "migrationStage":"NotStarted", "server":"akswtt003000031"}}
{"logTime": "0121/135841", "correlationVector":"F7t9YGIs0PMvt1Nsi5TdPe.2","action":"Commit Response", "result":"Success", "context":Result: Success. cV=F7t9YGIs0PMvt1Nsi5TdPe.0;server=akswtt003000031;cloudType=Consumer;environment=Prod_southeastasia_prod-s01-065-apac-southeastasia;migrationStage=NotStarted}
{"logTime": "0121/135841", "correlationVector":"F7t9YGIs0PMvt1Nsi5TdPe.3","action":"Commit.Sessions", "result":"Success", "context":{"id":"5d409269-ec81-45be-8877-d5710659b1f7", "isDeleted":"true", "size":"0", "version":"1737467763536"}}
{"logTime": "0121/135844", "correlationVector":"PmO+A3aaVTy9+vd7qxnat8","action":"Commit Request", "result":"", "context":Item count: 8
Contributing types: Preferences, Sessions, History}
{"logTime": "0121/135845", "correlationVector":"PmO+A3aaVTy9+vd7qxnat8.1","action":"SyncServerConnectionManagerRequest", "result":"SYNC_SERVER_OK", "context":{"environment":"Prod_southeastasia_prod-s01-065-apac-southeastasia", "migrationStage":"NotStarted", "server":"akswtt00300001m"}}
{"logTime": "0121/135845", "correlationVector":"PmO+A3aaVTy9+vd7qxnat8.2","action":"Commit Response", "result":"Success", "context":Result: Success. cV=PmO+A3aaVTy9+vd7qxnat8.0;server=akswtt00300001m;cloudType=Consumer;environment=Prod_southeastasia_prod-s01-065-apac-southeastasia;migrationStage=NotStarted}
{"logTime": "0121/135847", "correlationVector":"6Ni719cyniw1/4txxg1fcU","action":"Normal GetUpdate request", "result":"", "context":cV=6Ni719cyniw1/4txxg1fcU
Notified types: History}
{"logTime": "0121/135847", "correlationVector":"6Ni719cyniw1/4txxg1fcU.1","action":"SyncServerConnectionManagerRequest", "result":"SYNC_SERVER_OK", "context":{"environment":"Prod_southeastasia_prod-s01-065-apac-southeastasia", "migrationStage":"NotStarted", "server":"akswtt00300002s"}}
{"logTime": "0121/135847", "correlationVector":"6Ni719cyniw1/4txxg1fcU.2","action":"GetUpdates", "result":"DeleteReceived", "context":{"id":"5d409269-ec81-45be-8877-d5710659b1f7", "isDeleted:":"true", "version":"1737467920422"}}
{"logTime": "0121/135847", "correlationVector":"6Ni719cyniw1/4txxg1fcU.3","action":"GetUpdates Response", "result":"Success", "context":Received 12 update(s). cV=6Ni719cyniw1/4txxg1fcU.0;server=akswtt00300002s;cloudType=Consumer;environment=Prod_southeastasia_prod-s01-065-apac-southeastasia;migrationStage=NotStarted}
{"logTime": "0121/140614", "correlationVector":"oUPsXY4ClvzxET/ICakfrP.1","action":"SyncServerConnectionManagerRequest", "result":"SYNC_SERVER_OK", "context":{"environment":"Prod_southeastasia_prod-s01-064-apac-southeastasia", "migrationStage":"NotStarted", "server":"akswtt00300001v"}}
{"logTime": "0121/140614", "correlationVector":"yKunUnEn4/WL13ryt5H7CG","action":"SyncServerConnectionManagerRequest", "result":"SYNC_SERVER_OK", "context":{"environment":"", "migrationStage":"", "server":""}}
{"logTime": "0121/140614", "correlationVector":"oUPsXY4ClvzxET/ICakfrP","action":"Initial GetUpdates", "result":"", "context":Reason: NEW_CLIENT. cV=oUPsXY4ClvzxET/ICakfrP}
{"logTime": "0121/140614", "correlationVector":"oUPsXY4ClvzxET/ICakfrP.2","action":"GetUpdates Response", "result":"Success", "context":Received 1 update(s). cV=oUPsXY4ClvzxET/ICakfrP.0;server=akswtt00300001v;cloudType=Consumer;environment=Prod_southeastasia_prod-s01-064-apac-southeastasia;migrationStage=NotStarted}
{"logTime": "0121/140614", "correlationVector":"62wV9+qqj/bSXQibtUyx1m","action":"Initial GetUpdates", "result":"", "context":Reason: NEWLY_SUPPORTED_DATATYPE. cV=62wV9+qqj/bSXQibtUyx1m}
{"logTime": "0121/140615", "correlationVector":"62wV9+qqj/bSXQibtUyx1m.1","action":"SyncServerConnectionManagerRequest", "result":"SYNC_SERVER_OK", "context":{"environment":"Prod_southeastasia_prod-s01-064-apac-southeastasia", "migrationStage":"NotStarted", "server":"akswtt003000028"}}
{"logTime": "0121/140615", "correlationVector":"62wV9+qqj/bSXQibtUyx1m.2","action":"GetUpdates", "result":"DeleteReceived", "context":{"id":"4d3c7333-6afd-4a9f-a50d-24519cf8661a", "isDeleted:":"true", "version":"1735977145201"}}
{"logTime": "0121/140615", "correlationVector":"62wV9+qqj/bSXQibtUyx1m.3","action":"GetUpdates Response", "result":"Success", "context":Received 14 update(s). cV=62wV9+qqj/bSXQibtUyx1m.0;server=akswtt003000028;cloudType=Consumer;environment=Prod_southeastasia_prod-s01-064-apac-southeastasia;migrationStage=NotStarted}
{"logTime": "0121/140615", "correlationVector":"lP9JlxhJck3P33ISrpRpdB","action":"Normal GetUpdate request", "result":"", "context":cV=lP9JlxhJck3P33ISrpRpdB
Nudged types: Sessions
Refresh requested types: Bookmarks, Preferences, Passwords, Autofill Profiles, Autofill, Extensions, Sessions, Extension settings, History Delete Directives, Device Info, User Consents, Send Tab To Self, Web Apps, History, Collection, Edge E Drop, Edge Hub App Usage, Edge Tab Group, Edge Wallet, Encryption Keys}
{"logTime": "0121/140615", "correlationVector":"lP9JlxhJck3P33ISrpRpdB.1","action":"SyncServerConnectionManagerRequest", "result":"SYNC_SERVER_OK", "context":{"environment":"Prod_southeastasia_prod-s01-064-apac-southeastasia", "migrationStage":"NotStarted", "server":"akswtt00300005j"}}
{"logTime": "0121/140615", "correlationVector":"lP9JlxhJck3P33ISrpRpdB.2","action":"GetUpdates Response", "result":"Success", "context":Received 0 update(s). cV=lP9JlxhJck3P33ISrpRpdB.0;server=akswtt00300005j;cloudType=Consumer;environment=Prod_southeastasia_prod-s01-064-apac-southeastasia;migrationStage=NotStarted}
{"logTime": "0121/140615", "correlationVector":"HdUI657ovvC5lqqvwEYoc8","action":"Commit Request", "result":"", "context":Item count: 3
Contributing types: Sessions}
{"logTime": "0121/140615", "correlationVector":"HdUI657ovvC5lqqvwEYoc8.1","action":"SyncServerConnectionManagerRequest", "result":"SYNC_SERVER_OK", "context":{"environment":"Prod_southeastasia_prod-s01-064-apac-southeastasia", "migrationStage":"NotStarted", "server":"akswtt00300002o"}}
{"logTime": "0121/140615", "correlationVector":"HdUI657ovvC5lqqvwEYoc8.2","action":"Commit Response", "result":"Success", "context":Result: Success. cV=HdUI657ovvC5lqqvwEYoc8.0;server=akswtt00300002o;cloudType=Consumer;environment=Prod_southeastasia_prod-s01-064-apac-southeastasia;migrationStage=NotStarted}
{"logTime": "0121/140615", "correlationVector":"HdUI657ovvC5lqqvwEYoc8.3","action":"Commit.Sessions", "result":"Success", "context":{"id":"4ce79f6a-8ce6-4e56-9c17-2a47e29664c0", "isDeleted":"true", "size":"0", "version":"1737467924494"}}
{"logTime": "0121/140619", "correlationVector":"I4ku/02rchszhLGIQ7wV00","action":"Commit Request", "result":"", "context":Item count: 8
Contributing types: Preferences, Sessions, History}
{"logTime": "0121/140620", "correlationVector":"I4ku/02rchszhLGIQ7wV00.1","action":"SyncServerConnectionManagerRequest", "result":"SYNC_SERVER_OK", "context":{"environment":"Prod_southeastasia_prod-s01-064-apac-southeastasia", "migrationStage":"NotStarted", "server":"akswtt00300005j"}}
{"logTime": "0121/140620", "correlationVector":"I4ku/02rchszhLGIQ7wV00.2","action":"Commit Response", "result":"Success", "context":Result: Success. cV=I4ku/02rchszhLGIQ7wV00.0;server=akswtt00300005j;cloudType=Consumer;environment=Prod_southeastasia_prod-s01-064-apac-southeastasia;migrationStage=NotStarted}
{"logTime": "0121/141130", "correlationVector":"7unf5f9b5gQQzV7EuxcWcR","action":"Normal GetUpdate request", "result":"", "context":cV=7unf5f9b5gQQzV7EuxcWcR
Notified types: Device Info}
{"logTime": "0121/141130", "correlationVector":"7unf5f9b5gQQzV7EuxcWcR.1","action":"SyncServerConnectionManagerRequest", "result":"SYNC_SERVER_OK", "context":{"environment":"Prod_southeastasia_prod-s01-065-apac-southeastasia", "migrationStage":"NotStarted", "server":"akswtt00300000f"}}
{"logTime": "0121/141130", "correlationVector":"7unf5f9b5gQQzV7EuxcWcR.2","action":"GetUpdates", "result":"DeleteReceived", "context":{"id":"4ce79f6a-8ce6-4e56-9c17-2a47e29664c0", "isDeleted:":"true", "version":"1737468374919"}}
{"logTime": "0121/141130", "correlationVector":"7unf5f9b5gQQzV7EuxcWcR.3","action":"GetUpdates Response", "result":"Success", "context":Received 14 update(s). cV=7unf5f9b5gQQzV7EuxcWcR.0;server=akswtt00300000f;cloudType=Consumer;environment=Prod_southeastasia_prod-s01-065-apac-southeastasia;migrationStage=NotStarted}
{"logTime": "0121/141133", "correlationVector":"N4QWw5wLuq+WY/jJsG7MdR","action":"Normal GetUpdate request", "result":"", "context":cV=N4QWw5wLuq+WY/jJsG7MdR
Notified types: Preferences, History}
{"logTime": "0121/141133", "correlationVector":"N4QWw5wLuq+WY/jJsG7MdR.1","action":"SyncServerConnectionManagerRequest", "result":"SYNC_SERVER_OK", "context":{"environment":"Prod_southeastasia_prod-s01-065-apac-southeastasia", "migrationStage":"NotStarted", "server":"akswtt00300001k"}}
{"logTime": "0121/141133", "correlationVector":"N4QWw5wLuq+WY/jJsG7MdR.2","action":"GetUpdates Response", "result":"Success", "context":Received 4 update(s). cV=N4QWw5wLuq+WY/jJsG7MdR.0;server=akswtt00300001k;cloudType=Consumer;environment=Prod_southeastasia_prod-s01-065-apac-southeastasia;migrationStage=NotStarted}
{"logTime": "0121/141226", "correlationVector":"8UKSja+MEyY1dvTEPsPokW","action":"Normal GetUpdate request", "result":"", "context":cV=8UKSja+MEyY1dvTEPsPokW
Nudged types: Sessions
Notified types: Device Info, History}
{"logTime": "0121/141226", "correlationVector":"8UKSja+MEyY1dvTEPsPokW.1","action":"SyncServerConnectionManagerRequest", "result":"SYNC_SERVER_OK", "context":{"environment":"Prod_southeastasia_prod-s01-065-apac-southeastasia", "migrationStage":"NotStarted", "server":"akswtt00300000f"}}
{"logTime": "0121/141226", "correlationVector":"8UKSja+MEyY1dvTEPsPokW.2","action":"GetUpdates Response", "result":"Success", "context":Received 15 update(s). cV=8UKSja+MEyY1dvTEPsPokW.0;server=akswtt00300000f;cloudType=Consumer;environment=Prod_southeastasia_prod-s01-065-apac-southeastasia;migrationStage=NotStarted}
{"logTime": "0121/141226", "correlationVector":"qhDBQi501CTkRSEOH2G8QJ","action":"Commit Request", "result":"", "context":Item count: 1
Contributing types: Sessions}
{"logTime": "0121/141226", "correlationVector":"qhDBQi501CTkRSEOH2G8QJ.1","action":"SyncServerConnectionManagerRequest", "result":"SYNC_SERVER_OK", "context":{"environment":"Prod_southeastasia_prod-s01-065-apac-southeastasia", "migrationStage":"NotStarted", "server":"akswtt00300000l"}}
{"logTime": "0121/141226", "correlationVector":"qhDBQi501CTkRSEOH2G8QJ.2","action":"Commit Response", "result":"Success", "context":Result: Success. cV=qhDBQi501CTkRSEOH2G8QJ.0;server=akswtt00300000l;cloudType=Consumer;environment=Prod_southeastasia_prod-s01-065-apac-southeastasia;migrationStage=NotStarted}
{"logTime": "0121/141342", "correlationVector":"D5MRWDDzOQ7mH3FZ6B2HEu","action":"Normal GetUpdate request", "result":"", "context":cV=D5MRWDDzOQ7mH3FZ6B2HEu
Notified types: History}
{"logTime": "0121/141343", "correlationVector":"D5MRWDDzOQ7mH3FZ6B2HEu.1","action":"SyncServerConnectionManagerRequest", "result":"SYNC_SERVER_OK", "context":{"environment":"Prod_southeastasia_prod-s01-065-apac-southeastasia", "migrationStage":"NotStarted", "server":"akswtt003000056"}}
{"logTime": "0121/141343", "correlationVector":"D5MRWDDzOQ7mH3FZ6B2HEu.2","action":"GetUpdates", "result":"DeleteReceived", "context":{"id":"4a2b9fce-d53b-401c-b731-b943ee6fdd30", "isDeleted:":"true", "version":"1737468821243"}}
{"logTime": "0121/141343", "correlationVector":"D5MRWDDzOQ7mH3FZ6B2HEu.3","action":"GetUpdates", "result":"DeleteReceived", "context":{"id":"126f4c9a-e73b-400a-b7de-90d765775639", "isDeleted:":"true", "version":"1737468821246"}}
{"logTime": "0121/141343", "correlationVector":"D5MRWDDzOQ7mH3FZ6B2HEu.4","action":"GetUpdates Response", "result":"Success", "context":Received 10 update(s). cV=D5MRWDDzOQ7mH3FZ6B2HEu.0;server=akswtt003000056;cloudType=Consumer;environment=Prod_southeastasia_prod-s01-065-apac-southeastasia;migrationStage=NotStarted}
{"logTime": "0121/141652", "correlationVector":"/PiCRrk1L5bie0uAZUsf/Y","action":"Normal GetUpdate request", "result":"", "context":cV=/PiCRrk1L5bie0uAZUsf/Y
Notified types: History}
{"logTime": "0121/141652", "correlationVector":"/PiCRrk1L5bie0uAZUsf/Y.1","action":"SyncServerConnectionManagerRequest", "result":"SYNC_SERVER_OK", "context":{"environment":"Prod_southeastasia_prod-s01-064-apac-southeastasia", "migrationStage":"NotStarted", "server":"akswtt00300005e"}}
{"logTime": "0121/141652", "correlationVector":"/PiCRrk1L5bie0uAZUsf/Y.2","action":"GetUpdates", "result":"DeleteReceived", "context":{"id":"5b6d76bd-4cc0-4eef-85cf-d1649909f06c", "isDeleted:":"true", "version":"1737468896772"}}
{"logTime": "0121/141652", "correlationVector":"/PiCRrk1L5bie0uAZUsf/Y.3","action":"GetUpdates Response", "result":"Success", "context":Received 11 update(s). cV=/PiCRrk1L5bie0uAZUsf/Y.0;server=akswtt00300005e;cloudType=Consumer;environment=Prod_southeastasia_prod-s01-064-apac-southeastasia;migrationStage=NotStarted}
{"logTime": "0121/152137", "correlationVector":"YkglqAFcuLz2nBFgllzZK4.1","action":"SyncServerConnectionManagerRequest", "result":"SYNC_SERVER_OK", "context":{"environment":"Prod_southeastasia_prod-s01-065-apac-southeastasia", "migrationStage":"NotStarted", "server":"akswtt00300000g"}}
{"logTime": "0121/152138", "correlationVector":"y5C12eTKTHyZacFp+snZ4I","action":"SyncServerConnectionManagerRequest", "result":"SYNC_SERVER_OK", "context":{"environment":"", "migrationStage":"", "server":""}}
{"logTime": "0121/152138", "correlationVector":"YkglqAFcuLz2nBFgllzZK4","action":"Initial GetUpdates", "result":"", "context":Reason: NEW_CLIENT. cV=YkglqAFcuLz2nBFgllzZK4}
{"logTime": "0121/152138", "correlationVector":"YkglqAFcuLz2nBFgllzZK4.2","action":"GetUpdates Response", "result":"Success", "context":Received 1 update(s). cV=YkglqAFcuLz2nBFgllzZK4.0;server=akswtt00300000g;cloudType=Consumer;environment=Prod_southeastasia_prod-s01-065-apac-southeastasia;migrationStage=NotStarted}
{"logTime": "0121/152138", "correlationVector":"NBxO/kJ5/xbNc3aNmk6Iwk","action":"Initial GetUpdates", "result":"", "context":Reason: NEWLY_SUPPORTED_DATATYPE. cV=NBxO/kJ5/xbNc3aNmk6Iwk}
{"logTime": "0121/152138", "correlationVector":"NBxO/kJ5/xbNc3aNmk6Iwk.1","action":"SyncServerConnectionManagerRequest", "result":"SYNC_SERVER_OK", "context":{"environment":"Prod_southeastasia_prod-s01-065-apac-southeastasia", "migrationStage":"NotStarted", "server":"akswtt00300001b"}}
{"logTime": "0121/152138", "correlationVector":"NBxO/kJ5/xbNc3aNmk6Iwk.2","action":"GetUpdates", "result":"DeleteReceived", "context":{"id":"4d3c7333-6afd-4a9f-a50d-24519cf8661a", "isDeleted:":"true", "version":"1735977145201"}}
{"logTime": "0121/152138", "correlationVector":"NBxO/kJ5/xbNc3aNmk6Iwk.3","action":"GetUpdates Response", "result":"Success", "context":Received 14 update(s). cV=NBxO/kJ5/xbNc3aNmk6Iwk.0;server=akswtt00300001b;cloudType=Consumer;environment=Prod_southeastasia_prod-s01-065-apac-southeastasia;migrationStage=NotStarted}
{"logTime": "0121/152138", "correlationVector":"ZMDD0HEK/OnhV0u4HRbCwa","action":"Normal GetUpdate request", "result":"", "context":cV=ZMDD0HEK/OnhV0u4HRbCwa
Nudged types: Sessions, History
Refresh requested types: Bookmarks, Preferences, Passwords, Autofill Profiles, Autofill, Extensions, Sessions, Extension settings, History Delete Directives, Device Info, User Consents, Send Tab To Self, Web Apps, History, Collection, Edge E Drop, Edge Hub App Usage, Edge Tab Group, Edge Wallet, Encryption Keys}
{"logTime": "0121/152138", "correlationVector":"ZMDD0HEK/OnhV0u4HRbCwa.1","action":"SyncServerConnectionManagerRequest", "result":"SYNC_SERVER_OK", "context":{"environment":"Prod_southeastasia_prod-s01-065-apac-southeastasia", "migrationStage":"NotStarted", "server":"akswtt00300000g"}}
{"logTime": "0121/152138", "correlationVector":"ZMDD0HEK/OnhV0u4HRbCwa.2","action":"GetUpdates", "result":"DeleteReceived", "context":{"id":"eb33fcef-ab69-4eda-8080-522d818ccfac", "isDeleted:":"true", "version":"1737472294522"}}
{"logTime": "0121/152138", "correlationVector":"ZMDD0HEK/OnhV0u4HRbCwa.3","action":"GetUpdates", "result":"DeleteReceived", "context":{"id":"f4a9c2a3-c0d7-41fc-8d70-ab583510f8fc", "isDeleted:":"true", "version":"1737472647824"}}
{"logTime": "0121/152138", "correlationVector":"ZMDD0HEK/OnhV0u4HRbCwa.4","action":"GetUpdates", "result":"DeleteReceived", "context":{"id":"f1aa239f-202c-46c7-9f6e-492424c228b8", "isDeleted:":"true", "version":"1737472647826"}}
{"logTime": "0121/152138", "correlationVector":"ZMDD0HEK/OnhV0u4HRbCwa.5","action":"GetUpdates", "result":"DeleteReceived", "context":{"id":"38e102c9-24d4-4585-9c06-e666211fd00c", "isDeleted:":"true", "version":"1737472647827"}}
{"logTime": "0121/152138", "correlationVector":"ZMDD0HEK/OnhV0u4HRbCwa.6","action":"GetUpdates", "result":"DeleteReceived", "context":{"id":"06221b5a-5c3d-4b6b-bebe-893c2569dfcf", "isDeleted:":"true", "version":"1737472647828"}}
{"logTime": "0121/152138", "correlationVector":"ZMDD0HEK/OnhV0u4HRbCwa.7","action":"GetUpdates Response", "result":"Success", "context":Received 26 update(s). cV=ZMDD0HEK/OnhV0u4HRbCwa.0;server=akswtt00300000g;cloudType=Consumer;environment=Prod_southeastasia_prod-s01-065-apac-southeastasia;migrationStage=NotStarted}
{"logTime": "0121/152138", "correlationVector":"1fvehK2npm8olTdHBHK+sv","action":"Commit Request", "result":"", "context":Item count: 5
Contributing types: Sessions, History}
{"logTime": "0121/152139", "correlationVector":"1fvehK2npm8olTdHBHK+sv.1","action":"SyncServerConnectionManagerRequest", "result":"SYNC_SERVER_OK", "context":{"environment":"Prod_southeastasia_prod-s01-065-apac-southeastasia", "migrationStage":"NotStarted", "server":"akswtt00300003r"}}
{"logTime": "0121/152139", "correlationVector":"1fvehK2npm8olTdHBHK+sv.2","action":"Commit Response", "result":"Success", "context":Result: Success. cV=1fvehK2npm8olTdHBHK+sv.0;server=akswtt00300003r;cloudType=Consumer;environment=Prod_southeastasia_prod-s01-065-apac-southeastasia;migrationStage=NotStarted}
{"logTime": "0121/152142", "correlationVector":"eFG4E5QuAyipvCKqemdGwX","action":"Commit Request", "result":"", "context":Item count: 9
Contributing types: Preferences, Sessions, History}
{"logTime": "0121/152143", "correlationVector":"eFG4E5QuAyipvCKqemdGwX.1","action":"SyncServerConnectionManagerRequest", "result":"SYNC_SERVER_OK", "context":{"environment":"Prod_southeastasia_prod-s01-065-apac-southeastasia", "migrationStage":"NotStarted", "server":"akswtt00300001t"}}
{"logTime": "0121/152143", "correlationVector":"eFG4E5QuAyipvCKqemdGwX.3","action":"Commit.Sessions", "result":"Success", "context":{"id":"01932297-ff48-425d-b751-fe3d60721a5e", "isDeleted":"true", "size":"0", "version":"1737472898197"}}
{"logTime": "0121/152143", "correlationVector":"eFG4E5QuAyipvCKqemdGwX.2","action":"Commit Response", "result":"Success", "context":Result: Success. cV=eFG4E5QuAyipvCKqemdGwX.0;server=akswtt00300001t;cloudType=Consumer;environment=Prod_southeastasia_prod-s01-065-apac-southeastasia;migrationStage=NotStarted}
{"logTime": "0121/152340", "correlationVector":"TfNA2Sn0OuFIbZpODkKCCR","action":"Commit Request", "result":"", "context":Item count: 6
Contributing types: Sessions, History}
{"logTime": "0121/152341", "correlationVector":"TfNA2Sn0OuFIbZpODkKCCR.1","action":"SyncServerConnectionManagerRequest", "result":"SYNC_SERVER_OK", "context":{"environment":"Prod_southeastasia_prod-s01-065-apac-southeastasia", "migrationStage":"NotStarted", "server":"akswtt00300003r"}}
{"logTime": "0121/152341", "correlationVector":"TfNA2Sn0OuFIbZpODkKCCR.2","action":"Commit Response", "result":"Success", "context":Result: Success. cV=TfNA2Sn0OuFIbZpODkKCCR.0;server=akswtt00300003r;cloudType=Consumer;environment=Prod_southeastasia_prod-s01-065-apac-southeastasia;migrationStage=NotStarted}
{"logTime": "0121/153859", "correlationVector":"hc8vSCjv6TptXkXU83uGmg.1","action":"SyncServerConnectionManagerRequest", "result":"SYNC_SERVER_OK", "context":{"environment":"Prod_southeastasia_prod-s01-065-apac-southeastasia", "migrationStage":"NotStarted", "server":"akswtt003000015"}}
{"logTime": "0121/153900", "correlationVector":"J96+4dlhm9eDf2W8MSAbvt","action":"SyncServerConnectionManagerRequest", "result":"SYNC_SERVER_OK", "context":{"environment":"", "migrationStage":"", "server":""}}
{"logTime": "0121/153900", "correlationVector":"hc8vSCjv6TptXkXU83uGmg","action":"Initial GetUpdates", "result":"", "context":Reason: NEW_CLIENT. cV=hc8vSCjv6TptXkXU83uGmg}
{"logTime": "0121/153900", "correlationVector":"hc8vSCjv6TptXkXU83uGmg.2","action":"GetUpdates Response", "result":"Success", "context":Received 1 update(s). cV=hc8vSCjv6TptXkXU83uGmg.0;server=akswtt003000015;cloudType=Consumer;environment=Prod_southeastasia_prod-s01-065-apac-southeastasia;migrationStage=NotStarted}
{"logTime": "0121/153900", "correlationVector":"i3lFHYMzzxv082VDnY0Uj5","action":"Initial GetUpdates", "result":"", "context":Reason: NEWLY_SUPPORTED_DATATYPE. cV=i3lFHYMzzxv082VDnY0Uj5}
{"logTime": "0121/153900", "correlationVector":"i3lFHYMzzxv082VDnY0Uj5.1","action":"SyncServerConnectionManagerRequest", "result":"SYNC_SERVER_OK", "context":{"environment":"Prod_southeastasia_prod-s01-065-apac-southeastasia", "migrationStage":"NotStarted", "server":"akswtt00300002n"}}
{"logTime": "0121/153900", "correlationVector":"i3lFHYMzzxv082VDnY0Uj5.2","action":"GetUpdates", "result":"DeleteReceived", "context":{"id":"4d3c7333-6afd-4a9f-a50d-24519cf8661a", "isDeleted:":"true", "version":"1735977145201"}}
{"logTime": "0121/153900", "correlationVector":"i3lFHYMzzxv082VDnY0Uj5.3","action":"GetUpdates Response", "result":"Success", "context":Received 14 update(s). cV=i3lFHYMzzxv082VDnY0Uj5.0;server=akswtt00300002n;cloudType=Consumer;environment=Prod_southeastasia_prod-s01-065-apac-southeastasia;migrationStage=NotStarted}
{"logTime": "0121/153900", "correlationVector":"8v4UbqmT5W92TbfIRzWApp","action":"Normal GetUpdate request", "result":"", "context":cV=8v4UbqmT5W92TbfIRzWApp
Nudged types: Sessions, History
Refresh requested types: Bookmarks, Preferences, Passwords, Autofill Profiles, Autofill, Extensions, Sessions, Extension settings, History Delete Directives, Device Info, User Consents, Send Tab To Self, Web Apps, History, Collection, Edge E Drop, Edge Hub App Usage, Edge Tab Group, Edge Wallet, Encryption Keys}
{"logTime": "0121/153900", "correlationVector":"8v4UbqmT5W92TbfIRzWApp.1","action":"SyncServerConnectionManagerRequest", "result":"SYNC_SERVER_OK", "context":{"environment":"Prod_southeastasia_prod-s01-065-apac-southeastasia", "migrationStage":"NotStarted", "server":"akswtt003000015"}}
{"logTime": "0121/153900", "correlationVector":"8v4UbqmT5W92TbfIRzWApp.2","action":"GetUpdates", "result":"DeleteReceived", "context":{"id":"01932297-ff48-425d-b751-fe3d60721a5e", "isDeleted:":"true", "version":"1737472902060"}}
{"logTime": "0121/153900", "correlationVector":"8v4UbqmT5W92TbfIRzWApp.3","action":"GetUpdates Response", "result":"Success", "context":Received 18 update(s). cV=8v4UbqmT5W92TbfIRzWApp.0;server=akswtt003000015;cloudType=Consumer;environment=Prod_southeastasia_prod-s01-065-apac-southeastasia;migrationStage=NotStarted}
{"logTime": "0121/153900", "correlationVector":"jD0oHMIBtXi/jwzA/abc0e","action":"Commit Request", "result":"", "context":Item count: 3
Contributing types: Sessions}
{"logTime": "0121/153901", "correlationVector":"jD0oHMIBtXi/jwzA/abc0e.1","action":"SyncServerConnectionManagerRequest", "result":"SYNC_SERVER_OK", "context":{"environment":"Prod_southeastasia_prod-s01-065-apac-southeastasia", "migrationStage":"NotStarted", "server":"akswtt00300002y"}}
{"logTime": "0121/153901", "correlationVector":"jD0oHMIBtXi/jwzA/abc0e.3","action":"Commit.Sessions", "result":"Success", "context":{"id":"519d661c-a3fa-42eb-8b31-e8cce475f93d", "isDeleted":"true", "size":"0", "version":"1737473020016"}}
{"logTime": "0121/153901", "correlationVector":"jD0oHMIBtXi/jwzA/abc0e.2","action":"Commit Response", "result":"Success", "context":Result: Success. cV=jD0oHMIBtXi/jwzA/abc0e.0;server=akswtt00300002y;cloudType=Consumer;environment=Prod_southeastasia_prod-s01-065-apac-southeastasia;migrationStage=NotStarted}
{"logTime": "0121/153903", "correlationVector":"kjledm6pU0r2+4Qvo/HoHl","action":"Commit Request", "result":"", "context":Item count: 8
Contributing types: Preferences, Sessions, History}
{"logTime": "0121/153904", "correlationVector":"kjledm6pU0r2+4Qvo/HoHl.1","action":"SyncServerConnectionManagerRequest", "result":"SYNC_SERVER_OK", "context":{"environment":"Prod_southeastasia_prod-s01-065-apac-southeastasia", "migrationStage":"NotStarted", "server":"akswtt00300002n"}}
{"logTime": "0121/153904", "correlationVector":"kjledm6pU0r2+4Qvo/HoHl.2","action":"Commit Response", "result":"Success", "context":Result: Success. cV=kjledm6pU0r2+4Qvo/HoHl.0;server=akswtt00300002n;cloudType=Consumer;environment=Prod_southeastasia_prod-s01-065-apac-southeastasia;migrationStage=NotStarted}
{"logTime": "0121/154333", "correlationVector":"nnHenJOv/i4eEEwIx/3PmK.1","action":"SyncServerConnectionManagerRequest", "result":"SYNC_SERVER_OK", "context":{"environment":"Prod_southeastasia_prod-s01-064-apac-southeastasia", "migrationStage":"NotStarted", "server":"akswtt00300000e"}}
{"logTime": "0121/154333", "correlationVector":"Z9m+1cUEYaenPv3JCU2rU7","action":"SyncServerConnectionManagerRequest", "result":"SYNC_SERVER_OK", "context":{"environment":"", "migrationStage":"", "server":""}}
{"logTime": "0121/154333", "correlationVector":"nnHenJOv/i4eEEwIx/3PmK","action":"Initial GetUpdates", "result":"", "context":Reason: NEW_CLIENT. cV=nnHenJOv/i4eEEwIx/3PmK}
{"logTime": "0121/154333", "correlationVector":"nnHenJOv/i4eEEwIx/3PmK.2","action":"GetUpdates Response", "result":"Success", "context":Received 1 update(s). cV=nnHenJOv/i4eEEwIx/3PmK.0;server=akswtt00300000e;cloudType=Consumer;environment=Prod_southeastasia_prod-s01-064-apac-southeastasia;migrationStage=NotStarted}
{"logTime": "0121/154333", "correlationVector":"YJoPi796W/SxqqDd1KBKAc","action":"Initial GetUpdates", "result":"", "context":Reason: NEWLY_SUPPORTED_DATATYPE. cV=YJoPi796W/SxqqDd1KBKAc}
{"logTime": "0121/154334", "correlationVector":"YJoPi796W/SxqqDd1KBKAc.1","action":"SyncServerConnectionManagerRequest", "result":"SYNC_SERVER_OK", "context":{"environment":"Prod_southeastasia_prod-s01-064-apac-southeastasia", "migrationStage":"NotStarted", "server":"akswtt00300004w"}}
{"logTime": "0121/154334", "correlationVector":"YJoPi796W/SxqqDd1KBKAc.2","action":"GetUpdates", "result":"DeleteReceived", "context":{"id":"4d3c7333-6afd-4a9f-a50d-24519cf8661a", "isDeleted:":"true", "version":"1735977145201"}}
{"logTime": "0121/154334", "correlationVector":"YJoPi796W/SxqqDd1KBKAc.3","action":"GetUpdates Response", "result":"Success", "context":Received 14 update(s). cV=YJoPi796W/SxqqDd1KBKAc.0;server=akswtt00300004w;cloudType=Consumer;environment=Prod_southeastasia_prod-s01-064-apac-southeastasia;migrationStage=NotStarted}
{"logTime": "0121/154334", "correlationVector":"RLtCQ7IUBw7wACEkZcCmVp","action":"Normal GetUpdate request", "result":"", "context":cV=RLtCQ7IUBw7wACEkZcCmVp
Nudged types: Sessions, History
Refresh requested types: Bookmarks, Preferences, Passwords, Autofill Profiles, Autofill, Extensions, Sessions, Extension settings, History Delete Directives, Device Info, User Consents, Send Tab To Self, Web Apps, History, Collection, Edge E Drop, Edge Hub App Usage, Edge Tab Group, Edge Wallet, Encryption Keys}
{"logTime": "0121/154334", "correlationVector":"RLtCQ7IUBw7wACEkZcCmVp.1","action":"SyncServerConnectionManagerRequest", "result":"SYNC_SERVER_OK", "context":{"environment":"Prod_southeastasia_prod-s01-064-apac-southeastasia", "migrationStage":"NotStarted", "server":"akswtt00300002x"}}
{"logTime": "0121/154334", "correlationVector":"RLtCQ7IUBw7wACEkZcCmVp.2","action":"GetUpdates", "result":"DeleteReceived", "context":{"id":"519d661c-a3fa-42eb-8b31-e8cce475f93d", "isDeleted:":"true", "version":"1737473940126"}}
{"logTime": "0121/154334", "correlationVector":"RLtCQ7IUBw7wACEkZcCmVp.3","action":"GetUpdates Response", "result":"Success", "context":Received 10 update(s). cV=RLtCQ7IUBw7wACEkZcCmVp.0;server=akswtt00300002x;cloudType=Consumer;environment=Prod_southeastasia_prod-s01-064-apac-southeastasia;migrationStage=NotStarted}
{"logTime": "0121/154334", "correlationVector":"bFlx1Fg08MlPhnzbDZM8Hw","action":"Commit Request", "result":"", "context":Item count: 4
Contributing types: Sessions, History}
{"logTime": "0121/154334", "correlationVector":"bFlx1Fg08MlPhnzbDZM8Hw.1","action":"SyncServerConnectionManagerRequest", "result":"SYNC_SERVER_OK", "context":{"environment":"Prod_southeastasia_prod-s01-064-apac-southeastasia", "migrationStage":"NotStarted", "server":"akswtt00300004w"}}
{"logTime": "0121/154334", "correlationVector":"bFlx1Fg08MlPhnzbDZM8Hw.3","action":"Commit.Sessions", "result":"Success", "context":{"id":"c3c14804-9533-4819-9043-08e1dc78deea", "isDeleted":"true", "size":"0", "version":"1737473943279"}}
{"logTime": "0121/154334", "correlationVector":"bFlx1Fg08MlPhnzbDZM8Hw.2","action":"Commit Response", "result":"Success", "context":Result: Success. cV=bFlx1Fg08MlPhnzbDZM8Hw.0;server=akswtt00300004w;cloudType=Consumer;environment=Prod_southeastasia_prod-s01-064-apac-southeastasia;migrationStage=NotStarted}
{"logTime": "0121/154337", "correlationVector":"FIEK2qkCqivdMFoUsOdCHg","action":"Commit Request", "result":"", "context":Item count: 8
Contributing types: Preferences, Sessions, History}
{"logTime": "0121/154338", "correlationVector":"FIEK2qkCqivdMFoUsOdCHg.1","action":"SyncServerConnectionManagerRequest", "result":"SYNC_SERVER_OK", "context":{"environment":"Prod_southeastasia_prod-s01-064-apac-southeastasia", "migrationStage":"NotStarted", "server":"akswtt00300004w"}}
{"logTime": "0121/154338", "correlationVector":"FIEK2qkCqivdMFoUsOdCHg.2","action":"Commit Response", "result":"Success", "context":Result: Success. cV=FIEK2qkCqivdMFoUsOdCHg.0;server=akswtt00300004w;cloudType=Consumer;environment=Prod_southeastasia_prod-s01-064-apac-southeastasia;migrationStage=NotStarted}
{"logTime": "0121/154511", "correlationVector":"9AdLW/FHrsJ8LUmYPcSSy4","action":"Normal GetUpdate request", "result":"", "context":cV=9AdLW/FHrsJ8LUmYPcSSy4
Nudged types: Sessions
Notified types: History}
{"logTime": "0121/154511", "correlationVector":"9AdLW/FHrsJ8LUmYPcSSy4.1","action":"SyncServerConnectionManagerRequest", "result":"SYNC_SERVER_OK", "context":{"environment":"Prod_southeastasia_prod-s01-064-apac-southeastasia", "migrationStage":"NotStarted", "server":"akswtt00300002n"}}
{"logTime": "0121/154511", "correlationVector":"9AdLW/FHrsJ8LUmYPcSSy4.2","action":"GetUpdates", "result":"DeleteReceived", "context":{"id":"c3c14804-9533-4819-9043-08e1dc78deea", "isDeleted:":"true", "version":"1737474213877"}}
{"logTime": "0121/154511", "correlationVector":"9AdLW/FHrsJ8LUmYPcSSy4.3","action":"GetUpdates Response", "result":"Success", "context":Received 13 update(s). cV=9AdLW/FHrsJ8LUmYPcSSy4.0;server=akswtt00300002n;cloudType=Consumer;environment=Prod_southeastasia_prod-s01-064-apac-southeastasia;migrationStage=NotStarted}
{"logTime": "0121/154511", "correlationVector":"qHokMC5yH5Nqpg4ip5I1Uq","action":"Commit Request", "result":"", "context":Item count: 1
Contributing types: Sessions}
{"logTime": "0121/154511", "correlationVector":"qHokMC5yH5Nqpg4ip5I1Uq.1","action":"SyncServerConnectionManagerRequest", "result":"SYNC_SERVER_OK", "context":{"environment":"Prod_southeastasia_prod-s01-064-apac-southeastasia", "migrationStage":"NotStarted", "server":"akswtt00300000e"}}
{"logTime": "0121/154511", "correlationVector":"qHokMC5yH5Nqpg4ip5I1Uq.2","action":"Commit Response", "result":"Success", "context":Result: Success. cV=qHokMC5yH5Nqpg4ip5I1Uq.0;server=akswtt00300000e;cloudType=Consumer;environment=Prod_southeastasia_prod-s01-064-apac-southeastasia;migrationStage=NotStarted}
{"logTime": "0121/154611", "correlationVector":"W6qu2FENx+7L4W7LOEPiu/","action":"Commit Request", "result":"", "context":Item count: 4
Contributing types: Sessions, History}
{"logTime": "0121/154612", "correlationVector":"W6qu2FENx+7L4W7LOEPiu/.1","action":"SyncServerConnectionManagerRequest", "result":"SYNC_SERVER_OK", "context":{"environment":"Prod_southeastasia_prod-s01-064-apac-southeastasia", "migrationStage":"NotStarted", "server":"akswtt00300000e"}}
{"logTime": "0121/154612", "correlationVector":"W6qu2FENx+7L4W7LOEPiu/.2","action":"Commit Response", "result":"Success", "context":Result: Success. cV=W6qu2FENx+7L4W7LOEPiu/.0;server=akswtt00300000e;cloudType=Consumer;environment=Prod_southeastasia_prod-s01-064-apac-southeastasia;migrationStage=NotStarted}
{"logTime": "0121/154828", "correlationVector":"zPQjS7bOLgtpHV8Wrdwx9o.1","action":"SyncServerConnectionManagerRequest", "result":"SYNC_SERVER_OK", "context":{"environment":"Prod_southeastasia_prod-s01-065-apac-southeastasia", "migrationStage":"NotStarted", "server":"akswtt00300000z"}}
{"logTime": "0121/154829", "correlationVector":"CN3E6Q86MtJCD8d8YWGT6/","action":"SyncServerConnectionManagerRequest", "result":"SYNC_SERVER_OK", "context":{"environment":"", "migrationStage":"", "server":""}}
{"logTime": "0121/154829", "correlationVector":"zPQjS7bOLgtpHV8Wrdwx9o","action":"Initial GetUpdates", "result":"", "context":Reason: NEW_CLIENT. cV=zPQjS7bOLgtpHV8Wrdwx9o}
{"logTime": "0121/154829", "correlationVector":"zPQjS7bOLgtpHV8Wrdwx9o.2","action":"GetUpdates Response", "result":"Success", "context":Received 1 update(s). cV=zPQjS7bOLgtpHV8Wrdwx9o.0;server=akswtt00300000z;cloudType=Consumer;environment=Prod_southeastasia_prod-s01-065-apac-southeastasia;migrationStage=NotStarted}
{"logTime": "0121/154829", "correlationVector":"9ewwzbxpF8J+4kMK0wVgQK","action":"Initial GetUpdates", "result":"", "context":Reason: NEWLY_SUPPORTED_DATATYPE. cV=9ewwzbxpF8J+4kMK0wVgQK}
{"logTime": "0121/154829", "correlationVector":"9ewwzbxpF8J+4kMK0wVgQK.1","action":"SyncServerConnectionManagerRequest", "result":"SYNC_SERVER_OK", "context":{"environment":"Prod_southeastasia_prod-s01-065-apac-southeastasia", "migrationStage":"NotStarted", "server":"akswtt00300000a"}}
{"logTime": "0121/154829", "correlationVector":"9ewwzbxpF8J+4kMK0wVgQK.2","action":"GetUpdates", "result":"DeleteReceived", "context":{"id":"4d3c7333-6afd-4a9f-a50d-24519cf8661a", "isDeleted:":"true", "version":"1735977145201"}}
{"logTime": "0121/154829", "correlationVector":"9ewwzbxpF8J+4kMK0wVgQK.3","action":"GetUpdates Response", "result":"Success", "context":Received 14 update(s). cV=9ewwzbxpF8J+4kMK0wVgQK.0;server=akswtt00300000a;cloudType=Consumer;environment=Prod_southeastasia_prod-s01-065-apac-southeastasia;migrationStage=NotStarted}
{"logTime": "0121/154829", "correlationVector":"b8s18u0s0mKKhm7oSvhmOn","action":"Normal GetUpdate request", "result":"", "context":cV=b8s18u0s0mKKhm7oSvhmOn
Nudged types: Sessions, History
Refresh requested types: Bookmarks, Preferences, Passwords, Autofill Profiles, Autofill, Extensions, Sessions, Extension settings, History Delete Directives, Device Info, User Consents, Send Tab To Self, Web Apps, History, Collection, Edge E Drop, Edge Hub App Usage, Edge Tab Group, Edge Wallet, Encryption Keys}
{"logTime": "0121/154829", "correlationVector":"b8s18u0s0mKKhm7oSvhmOn.1","action":"SyncServerConnectionManagerRequest", "result":"SYNC_SERVER_OK", "context":{"environment":"Prod_southeastasia_prod-s01-065-apac-southeastasia", "migrationStage":"NotStarted", "server":"akswtt003000004"}}
{"logTime": "0121/154829", "correlationVector":"b8s18u0s0mKKhm7oSvhmOn.2","action":"GetUpdates Response", "result":"Success", "context":Received 4 update(s). cV=b8s18u0s0mKKhm7oSvhmOn.0;server=akswtt003000004;cloudType=Consumer;environment=Prod_southeastasia_prod-s01-065-apac-southeastasia;migrationStage=NotStarted}
{"logTime": "0121/154829", "correlationVector":"jW7P9LAh87UghNiKjwO924","action":"Commit Request", "result":"", "context":Item count: 3
Contributing types: Sessions}
{"logTime": "0121/154830", "correlationVector":"jW7P9LAh87UghNiKjwO924.1","action":"SyncServerConnectionManagerRequest", "result":"SYNC_SERVER_OK", "context":{"environment":"Prod_southeastasia_prod-s01-065-apac-southeastasia", "migrationStage":"NotStarted", "server":"akswtt00300003n"}}
{"logTime": "0121/154830", "correlationVector":"jW7P9LAh87UghNiKjwO924.2","action":"Commit Response", "result":"Success", "context":Result: Success. cV=jW7P9LAh87UghNiKjwO924.0;server=akswtt00300003n;cloudType=Consumer;environment=Prod_southeastasia_prod-s01-065-apac-southeastasia;migrationStage=NotStarted}
{"logTime": "0121/154830", "correlationVector":"jW7P9LAh87UghNiKjwO924.3","action":"Commit.Sessions", "result":"Success", "context":{"id":"2209b649-ed3c-471a-8016-582e776fb95c", "isDeleted":"true", "size":"0", "version":"1737474371364"}}
{"logTime": "0121/154833", "correlationVector":"VvnhwV/RFANrIz8AhqD5f3","action":"Commit Request", "result":"", "context":Item count: 8
Contributing types: Preferences, Sessions, History}
{"logTime": "0121/154833", "correlationVector":"VvnhwV/RFANrIz8AhqD5f3.1","action":"SyncServerConnectionManagerRequest", "result":"SYNC_SERVER_OK", "context":{"environment":"Prod_southeastasia_prod-s01-065-apac-southeastasia", "migrationStage":"NotStarted", "server":"akswtt00300002u"}}
{"logTime": "0121/154833", "correlationVector":"VvnhwV/RFANrIz8AhqD5f3.2","action":"Commit Response", "result":"Success", "context":Result: Success. cV=VvnhwV/RFANrIz8AhqD5f3.0;server=akswtt00300002u;cloudType=Consumer;environment=Prod_southeastasia_prod-s01-065-apac-southeastasia;migrationStage=NotStarted}
{"logTime": "0121/155032", "correlationVector":"xrVdBYaY0uVbDtREfGXdQW","action":"Normal GetUpdate request", "result":"", "context":cV=xrVdBYaY0uVbDtREfGXdQW
Nudged types: Sessions
Notified types: History}
{"logTime": "0121/155033", "correlationVector":"xrVdBYaY0uVbDtREfGXdQW.1","action":"SyncServerConnectionManagerRequest", "result":"SYNC_SERVER_OK", "context":{"environment":"Prod_southeastasia_prod-s01-064-apac-southeastasia", "migrationStage":"NotStarted", "server":"akswtt003000004"}}
{"logTime": "0121/155033", "correlationVector":"xrVdBYaY0uVbDtREfGXdQW.2","action":"GetUpdates", "result":"DeleteReceived", "context":{"id":"2209b649-ed3c-471a-8016-582e776fb95c", "isDeleted:":"true", "version":"1737474509142"}}
{"logTime": "0121/155033", "correlationVector":"xrVdBYaY0uVbDtREfGXdQW.3","action":"GetUpdates Response", "result":"Success", "context":Received 15 update(s). cV=xrVdBYaY0uVbDtREfGXdQW.0;server=akswtt003000004;cloudType=Consumer;environment=Prod_southeastasia_prod-s01-064-apac-southeastasia;migrationStage=NotStarted}
{"logTime": "0121/155033", "correlationVector":"lBVhW7CUwkmrDEJNDix1T3","action":"Commit Request", "result":"", "context":Item count: 1
Contributing types: Sessions}
{"logTime": "0121/155033", "correlationVector":"lBVhW7CUwkmrDEJNDix1T3.1","action":"SyncServerConnectionManagerRequest", "result":"SYNC_SERVER_OK", "context":{"environment":"Prod_southeastasia_prod-s01-064-apac-southeastasia", "migrationStage":"NotStarted", "server":"akswtt00300005j"}}
{"logTime": "0121/155033", "correlationVector":"lBVhW7CUwkmrDEJNDix1T3.2","action":"Commit Response", "result":"Success", "context":Result: Success. cV=lBVhW7CUwkmrDEJNDix1T3.0;server=akswtt00300005j;cloudType=Consumer;environment=Prod_southeastasia_prod-s01-064-apac-southeastasia;migrationStage=NotStarted}
{"logTime": "0121/155139", "correlationVector":"iRHPtsVw/7VRg4VHTqgGnr","action":"Normal GetUpdate request", "result":"", "context":cV=iRHPtsVw/7VRg4VHTqgGnr
Notified types: History}
{"logTime": "0121/155140", "correlationVector":"iRHPtsVw/7VRg4VHTqgGnr.1","action":"SyncServerConnectionManagerRequest", "result":"SYNC_SERVER_OK", "context":{"environment":"Prod_southeastasia_prod-s01-064-apac-southeastasia", "migrationStage":"NotStarted", "server":"akswtt00300000s"}}
{"logTime": "0121/155140", "correlationVector":"iRHPtsVw/7VRg4VHTqgGnr.2","action":"GetUpdates Response", "result":"Success", "context":Received 4 update(s). cV=iRHPtsVw/7VRg4VHTqgGnr.0;server=akswtt00300000s;cloudType=Consumer;environment=Prod_southeastasia_prod-s01-064-apac-southeastasia;migrationStage=NotStarted}
{"logTime": "0121/155240", "correlationVector":"8JdJ8lRZzLXlIw572e1jIH","action":"Normal GetUpdate request", "result":"", "context":cV=8JdJ8lRZzLXlIw572e1jIH
Notified types: History}
{"logTime": "0121/155241", "correlationVector":"8JdJ8lRZzLXlIw572e1jIH.1","action":"SyncServerConnectionManagerRequest", "result":"SYNC_SERVER_OK", "context":{"environment":"Prod_southeastasia_prod-s01-064-apac-southeastasia", "migrationStage":"NotStarted", "server":"akswtt003000004"}}
{"logTime": "0121/155241", "correlationVector":"8JdJ8lRZzLXlIw572e1jIH.2","action":"GetUpdates Response", "result":"Success", "context":Received 2 update(s). cV=8JdJ8lRZzLXlIw572e1jIH.0;server=akswtt003000004;cloudType=Consumer;environment=Prod_southeastasia_prod-s01-064-apac-southeastasia;migrationStage=NotStarted}
{"logTime": "0121/155629", "correlationVector":"Kjd5hO5b9BKU7PdUWE5T4u","action":"Normal GetUpdate request", "result":"", "context":cV=Kjd5hO5b9BKU7PdUWE5T4u
Notified types: History}
{"logTime": "0121/155629", "correlationVector":"Kjd5hO5b9BKU7PdUWE5T4u.1","action":"SyncServerConnectionManagerRequest", "result":"SYNC_SERVER_OK", "context":{"environment":"Prod_southeastasia_prod-s01-065-apac-southeastasia", "migrationStage":"NotStarted", "server":"akswtt00300002n"}}
{"logTime": "0121/155629", "correlationVector":"Kjd5hO5b9BKU7PdUWE5T4u.2","action":"GetUpdates Response", "result":"Success", "context":Received 5 update(s). cV=Kjd5hO5b9BKU7PdUWE5T4u.0;server=akswtt00300002n;cloudType=Consumer;environment=Prod_southeastasia_prod-s01-065-apac-southeastasia;migrationStage=NotStarted}
{"logTime": "0121/155839", "correlationVector":"ivx2khiSpFQF+hHnS94WXn","action":"Normal GetUpdate request", "result":"", "context":cV=ivx2khiSpFQF+hHnS94WXn
Nudged types: Sessions
Notified types: History}
{"logTime": "0121/155839", "correlationVector":"ivx2khiSpFQF+hHnS94WXn.1","action":"SyncServerConnectionManagerRequest", "result":"SYNC_SERVER_OK", "context":{"environment":"Prod_southeastasia_prod-s01-065-apac-southeastasia", "migrationStage":"NotStarted", "server":"akswtt00300000z"}}
{"logTime": "0121/155839", "correlationVector":"ivx2khiSpFQF+hHnS94WXn.2","action":"GetUpdates Response", "result":"Success", "context":Received 2 update(s). cV=ivx2khiSpFQF+hHnS94WXn.0;server=akswtt00300000z;cloudType=Consumer;environment=Prod_southeastasia_prod-s01-065-apac-southeastasia;migrationStage=NotStarted}
{"logTime": "0121/155839", "correlationVector":"ezJMm/M7492zVAfxUauJYI","action":"Commit Request", "result":"", "context":Item count: 1
Contributing types: Sessions}
{"logTime": "0121/155840", "correlationVector":"ezJMm/M7492zVAfxUauJYI.1","action":"SyncServerConnectionManagerRequest", "result":"SYNC_SERVER_OK", "context":{"environment":"Prod_southeastasia_prod-s01-065-apac-southeastasia", "migrationStage":"NotStarted", "server":"akswtt003000004"}}
{"logTime": "0121/155840", "correlationVector":"ezJMm/M7492zVAfxUauJYI.2","action":"Commit Response", "result":"Success", "context":Result: Success. cV=ezJMm/M7492zVAfxUauJYI.0;server=akswtt003000004;cloudType=Consumer;environment=Prod_southeastasia_prod-s01-065-apac-southeastasia;migrationStage=NotStarted}
{"logTime": "0121/160319", "correlationVector":"baGNO6563lSx+Qf+yC7oEp.1","action":"SyncServerConnectionManagerRequest", "result":"SYNC_SERVER_OK", "context":{"environment":"Prod_southeastasia_prod-s01-065-apac-southeastasia", "migrationStage":"NotStarted", "server":"akswtt00300001t"}}
{"logTime": "0121/160320", "correlationVector":"pAvoN75WfrkMg6CD6zUMkO","action":"SyncServerConnectionManagerRequest", "result":"SYNC_SERVER_OK", "context":{"environment":"", "migrationStage":"", "server":""}}
{"logTime": "0121/160320", "correlationVector":"baGNO6563lSx+Qf+yC7oEp","action":"Initial GetUpdates", "result":"", "context":Reason: NEW_CLIENT. cV=baGNO6563lSx+Qf+yC7oEp}
{"logTime": "0121/160320", "correlationVector":"baGNO6563lSx+Qf+yC7oEp.2","action":"GetUpdates Response", "result":"Success", "context":Received 1 update(s). cV=baGNO6563lSx+Qf+yC7oEp.0;server=akswtt00300001t;cloudType=Consumer;environment=Prod_southeastasia_prod-s01-065-apac-southeastasia;migrationStage=NotStarted}
{"logTime": "0121/160320", "correlationVector":"4veZSIaYOS2wQomwlSydsO","action":"Initial GetUpdates", "result":"", "context":Reason: NEWLY_SUPPORTED_DATATYPE. cV=4veZSIaYOS2wQomwlSydsO}
{"logTime": "0121/160320", "correlationVector":"4veZSIaYOS2wQomwlSydsO.1","action":"SyncServerConnectionManagerRequest", "result":"SYNC_SERVER_OK", "context":{"environment":"Prod_southeastasia_prod-s01-065-apac-southeastasia", "migrationStage":"NotStarted", "server":"akswtt00300002w"}}
{"logTime": "0121/160320", "correlationVector":"4veZSIaYOS2wQomwlSydsO.2","action":"GetUpdates", "result":"DeleteReceived", "context":{"id":"4d3c7333-6afd-4a9f-a50d-24519cf8661a", "isDeleted:":"true", "version":"1735977145201"}}
{"logTime": "0121/160320", "correlationVector":"4veZSIaYOS2wQomwlSydsO.3","action":"GetUpdates Response", "result":"Success", "context":Received 14 update(s). cV=4veZSIaYOS2wQomwlSydsO.0;server=akswtt00300002w;cloudType=Consumer;environment=Prod_southeastasia_prod-s01-065-apac-southeastasia;migrationStage=NotStarted}
{"logTime": "0121/160320", "correlationVector":"GU/hNeJl/Adut7L3KzAgBV","action":"Normal GetUpdate request", "result":"", "context":cV=GU/hNeJl/Adut7L3KzAgBV
Nudged types: Sessions
Refresh requested types: Bookmarks, Preferences, Passwords, Autofill Profiles, Autofill, Extensions, Sessions, Extension settings, History Delete Directives, Device Info, User Consents, Send Tab To Self, Web Apps, History, Collection, Edge E Drop, Edge Hub App Usage, Edge Tab Group, Edge Wallet, Encryption Keys}
{"logTime": "0121/160320", "correlationVector":"GU/hNeJl/Adut7L3KzAgBV.1","action":"SyncServerConnectionManagerRequest", "result":"SYNC_SERVER_OK", "context":{"environment":"Prod_southeastasia_prod-s01-065-apac-southeastasia", "migrationStage":"NotStarted", "server":"akswtt00300001t"}}
{"logTime": "0121/160320", "correlationVector":"GU/hNeJl/Adut7L3KzAgBV.2","action":"GetUpdates Response", "result":"Success", "context":Received 2 update(s). cV=GU/hNeJl/Adut7L3KzAgBV.0;server=akswtt00300001t;cloudType=Consumer;environment=Prod_southeastasia_prod-s01-065-apac-southeastasia;migrationStage=NotStarted}
{"logTime": "0121/160320", "correlationVector":"t3o15oJ9y+KxSm6pEZwssN","action":"Commit Request", "result":"", "context":Item count: 3
Contributing types: Sessions}
{"logTime": "0121/160321", "correlationVector":"t3o15oJ9y+KxSm6pEZwssN.1","action":"SyncServerConnectionManagerRequest", "result":"SYNC_SERVER_OK", "context":{"environment":"Prod_southeastasia_prod-s01-065-apac-southeastasia", "migrationStage":"NotStarted", "server":"akswtt00300001s"}}
{"logTime": "0121/160321", "correlationVector":"t3o15oJ9y+KxSm6pEZwssN.3","action":"Commit.Sessions", "result":"Success", "context":{"id":"024fc2b9-958b-4f0f-96c6-e6567b71223a", "isDeleted":"true", "size":"0", "version":"1737475119245"}}
{"logTime": "0121/160321", "correlationVector":"t3o15oJ9y+KxSm6pEZwssN.2","action":"Commit Response", "result":"Success", "context":Result: Success. cV=t3o15oJ9y+KxSm6pEZwssN.0;server=akswtt00300001s;cloudType=Consumer;environment=Prod_southeastasia_prod-s01-065-apac-southeastasia;migrationStage=NotStarted}
{"logTime": "0121/160324", "correlationVector":"geKr/Qi7AbGq9Qxta2fZT6","action":"Commit Request", "result":"", "context":Item count: 8
Contributing types: Preferences, Sessions, History}
{"logTime": "0121/160324", "correlationVector":"geKr/Qi7AbGq9Qxta2fZT6.1","action":"SyncServerConnectionManagerRequest", "result":"SYNC_SERVER_OK", "context":{"environment":"Prod_southeastasia_prod-s01-065-apac-southeastasia", "migrationStage":"NotStarted", "server":"akswtt00300001t"}}
{"logTime": "0121/160324", "correlationVector":"geKr/Qi7AbGq9Qxta2fZT6.2","action":"Commit Response", "result":"Success", "context":Result: Success. cV=geKr/Qi7AbGq9Qxta2fZT6.0;server=akswtt00300001t;cloudType=Consumer;environment=Prod_southeastasia_prod-s01-065-apac-southeastasia;migrationStage=NotStarted}
{"logTime": "0121/160500", "correlationVector":"l32k4gzfHWO2VBpDkE/q4w","action":"Commit Request", "result":"", "context":Item count: 1
Contributing types: Sessions}
{"logTime": "0121/160500", "correlationVector":"l32k4gzfHWO2VBpDkE/q4w.1","action":"SyncServerConnectionManagerRequest", "result":"SYNC_SERVER_OK", "context":{"environment":"Prod_southeastasia_prod-s01-065-apac-southeastasia", "migrationStage":"NotStarted", "server":"akswtt003000028"}}
{"logTime": "0121/160500", "correlationVector":"l32k4gzfHWO2VBpDkE/q4w.2","action":"Commit Response", "result":"Success", "context":Result: Success. cV=l32k4gzfHWO2VBpDkE/q4w.0;server=akswtt003000028;cloudType=Consumer;environment=Prod_southeastasia_prod-s01-065-apac-southeastasia;migrationStage=NotStarted}
{"logTime": "0121/161343", "correlationVector":"W5ziWp5AiWRwC1xjPN7RMk.1","action":"SyncServerConnectionManagerRequest", "result":"SYNC_SERVER_OK", "context":{"environment":"Prod_southeastasia_prod-s01-065-apac-southeastasia", "migrationStage":"NotStarted", "server":"akswtt003000025"}}
{"logTime": "0121/161343", "correlationVector":"JpOCSTnmXmVM+15XwxIzeS","action":"SyncServerConnectionManagerRequest", "result":"SYNC_SERVER_OK", "context":{"environment":"", "migrationStage":"", "server":""}}
{"logTime": "0121/161343", "correlationVector":"W5ziWp5AiWRwC1xjPN7RMk","action":"Initial GetUpdates", "result":"", "context":Reason: NEW_CLIENT. cV=W5ziWp5AiWRwC1xjPN7RMk}
{"logTime": "0121/161343", "correlationVector":"W5ziWp5AiWRwC1xjPN7RMk.2","action":"GetUpdates Response", "result":"Success", "context":Received 1 update(s). cV=W5ziWp5AiWRwC1xjPN7RMk.0;server=akswtt003000025;cloudType=Consumer;environment=Prod_southeastasia_prod-s01-065-apac-southeastasia;migrationStage=NotStarted}
{"logTime": "0121/161343", "correlationVector":"o3Nb6Miywfm5DsUoVrPPiV","action":"Initial GetUpdates", "result":"", "context":Reason: NEWLY_SUPPORTED_DATATYPE. cV=o3Nb6Miywfm5DsUoVrPPiV}
{"logTime": "0121/161343", "correlationVector":"o3Nb6Miywfm5DsUoVrPPiV.1","action":"SyncServerConnectionManagerRequest", "result":"SYNC_SERVER_OK", "context":{"environment":"Prod_southeastasia_prod-s01-065-apac-southeastasia", "migrationStage":"NotStarted", "server":"akswtt003000014"}}
{"logTime": "0121/161343", "correlationVector":"o3Nb6Miywfm5DsUoVrPPiV.2","action":"GetUpdates", "result":"DeleteReceived", "context":{"id":"4d3c7333-6afd-4a9f-a50d-24519cf8661a", "isDeleted:":"true", "version":"1735977145201"}}
{"logTime": "0121/161343", "correlationVector":"o3Nb6Miywfm5DsUoVrPPiV.3","action":"GetUpdates Response", "result":"Success", "context":Received 14 update(s). cV=o3Nb6Miywfm5DsUoVrPPiV.0;server=akswtt003000014;cloudType=Consumer;environment=Prod_southeastasia_prod-s01-065-apac-southeastasia;migrationStage=NotStarted}
{"logTime": "0121/161344", "correlationVector":"tevr1LSJaborq+x+L23UJm","action":"Normal GetUpdate request", "result":"", "context":cV=tevr1LSJaborq+x+L23UJm
Nudged types: Sessions
Refresh requested types: Bookmarks, Preferences, Passwords, Autofill Profiles, Autofill, Extensions, Sessions, Extension settings, History Delete Directives, Device Info, User Consents, Send Tab To Self, Web Apps, History, Collection, Edge E Drop, Edge Hub App Usage, Edge Tab Group, Edge Wallet, Encryption Keys}
{"logTime": "0121/161344", "correlationVector":"tevr1LSJaborq+x+L23UJm.1","action":"SyncServerConnectionManagerRequest", "result":"SYNC_SERVER_OK", "context":{"environment":"Prod_southeastasia_prod-s01-065-apac-southeastasia", "migrationStage":"NotStarted", "server":"akswtt003000057"}}
{"logTime": "0121/161344", "correlationVector":"tevr1LSJaborq+x+L23UJm.2","action":"GetUpdates", "result":"DeleteReceived", "context":{"id":"024fc2b9-958b-4f0f-96c6-e6567b71223a", "isDeleted:":"true", "version":"1737475400163"}}
{"logTime": "0121/161344", "correlationVector":"tevr1LSJaborq+x+L23UJm.3","action":"GetUpdates Response", "result":"Success", "context":Received 11 update(s). cV=tevr1LSJaborq+x+L23UJm.0;server=akswtt003000057;cloudType=Consumer;environment=Prod_southeastasia_prod-s01-065-apac-southeastasia;migrationStage=NotStarted}
{"logTime": "0121/161344", "correlationVector":"FxGynQXamjykFiq3QWi6Eo","action":"Commit Request", "result":"", "context":Item count: 3
Contributing types: Sessions}
{"logTime": "0121/161344", "correlationVector":"FxGynQXamjykFiq3QWi6Eo.1","action":"SyncServerConnectionManagerRequest", "result":"SYNC_SERVER_OK", "context":{"environment":"Prod_southeastasia_prod-s01-065-apac-southeastasia", "migrationStage":"NotStarted", "server":"akswtt00300001g"}}
{"logTime": "0121/161344", "correlationVector":"FxGynQXamjykFiq3QWi6Eo.3","action":"Commit.Sessions", "result":"Success", "context":{"id":"3a92713b-0a8c-4ce0-9e4a-847f3f2fa692", "isDeleted":"true", "size":"0", "version":"1737475499882"}}
{"logTime": "0121/161344", "correlationVector":"FxGynQXamjykFiq3QWi6Eo.2","action":"Commit Response", "result":"Success", "context":Result: Success. cV=FxGynQXamjykFiq3QWi6Eo.0;server=akswtt00300001g;cloudType=Consumer;environment=Prod_southeastasia_prod-s01-065-apac-southeastasia;migrationStage=NotStarted}
{"logTime": "0121/161348", "correlationVector":"5/EPEdpETTlpKFqwKKBnfH","action":"Commit Request", "result":"", "context":Item count: 8
Contributing types: Preferences, Sessions, History}
{"logTime": "0121/161348", "correlationVector":"5/EPEdpETTlpKFqwKKBnfH.1","action":"SyncServerConnectionManagerRequest", "result":"SYNC_SERVER_OK", "context":{"environment":"Prod_southeastasia_prod-s01-065-apac-southeastasia", "migrationStage":"NotStarted", "server":"akswtt003000014"}}
{"logTime": "0121/161348", "correlationVector":"5/EPEdpETTlpKFqwKKBnfH.2","action":"Commit Response", "result":"Success", "context":Result: Success. cV=5/EPEdpETTlpKFqwKKBnfH.0;server=akswtt003000014;cloudType=Consumer;environment=Prod_southeastasia_prod-s01-065-apac-southeastasia;migrationStage=NotStarted}
{"logTime": "0121/161617", "correlationVector":"smexZCdNcv0PGRHIoQT76l","action":"Commit Request", "result":"", "context":Item count: 1
Contributing types: Sessions}
{"logTime": "0121/161617", "correlationVector":"smexZCdNcv0PGRHIoQT76l.1","action":"SyncServerConnectionManagerRequest", "result":"SYNC_SERVER_OK", "context":{"environment":"Prod_southeastasia_prod-s01-065-apac-southeastasia", "migrationStage":"NotStarted", "server":"akswtt00300002q"}}
{"logTime": "0121/161617", "correlationVector":"smexZCdNcv0PGRHIoQT76l.2","action":"Commit Response", "result":"Success", "context":Result: Success. cV=smexZCdNcv0PGRHIoQT76l.0;server=akswtt00300002q;cloudType=Consumer;environment=Prod_southeastasia_prod-s01-065-apac-southeastasia;migrationStage=NotStarted}
