2025-01-22 10:14:54.278: [INFO][Sync] Reset engine, reason: 8
2025-01-22 10:14:54.278: [INFO][Sync] Stopped: Bookmarks
2025-01-22 10:14:54.278: [INFO][Sync] Stopped: Preferences
2025-01-22 10:14:54.278: [INFO][Sync] Stopped: Passwords
2025-01-22 10:14:54.278: [INFO][Sync] Stopped: Autofill Profiles
2025-01-22 10:14:54.278: [INFO][Sync] Stopped: Autofill
2025-01-22 10:14:54.278: [INFO][Sync] Stopped: Typed URLs
2025-01-22 10:14:54.278: [INFO][Sync] Stopped: Extensions
2025-01-22 10:14:54.278: [INFO][Sync] Stopped: Sessions
2025-01-22 10:14:54.278: [INFO][Sync] Stopped: Extension settings
2025-01-22 10:14:54.278: [INFO][Sync] Stopped: History Delete Directives
2025-01-22 10:14:54.278: [INFO][Sync] Stopped: Device Info
2025-01-22 10:14:54.278: [INFO][Sync] Stopped: User Consents
2025-01-22 10:14:54.278: [INFO][Sync] Stopped: Send Tab To Self
2025-01-22 10:14:54.278: [INFO][Sync] Stopped: Web Apps
2025-01-22 10:14:54.278: [INFO][Sync] Stopped: History
2025-01-22 10:14:54.278: [INFO][Sync] Stopped: Collection
2025-01-22 10:14:54.278: [INFO][Sync] Stopped: Edge E Drop
2025-01-22 10:14:54.278: [INFO][Sync] Stopped: Edge Hub App Usage
2025-01-22 10:14:54.278: [INFO][Sync] Stopped: Edge Tab Group
2025-01-22 10:14:54.278: [INFO][Sync] Stopped: Edge Wallet
2025-01-22 10:14:54.278: [INFO][Sync] SyncState after authenticated was: NotSignedIn
2025-01-22 10:14:54.441: [INFO][Sync] Reset engine, reason: 8
2025-01-22 10:14:54.441: [INFO][Sync] Stopped: Bookmarks
2025-01-22 10:14:54.441: [INFO][Sync] Stopped: Preferences
2025-01-22 10:14:54.441: [INFO][Sync] Stopped: Passwords
2025-01-22 10:14:54.441: [INFO][Sync] Stopped: Autofill Profiles
2025-01-22 10:14:54.441: [INFO][Sync] Stopped: Autofill
2025-01-22 10:14:54.441: [INFO][Sync] Stopped: Typed URLs
2025-01-22 10:14:54.441: [INFO][Sync] Stopped: Extensions
2025-01-22 10:14:54.441: [INFO][Sync] Stopped: Sessions
2025-01-22 10:14:54.441: [INFO][Sync] Stopped: Extension settings
2025-01-22 10:14:54.441: [INFO][Sync] Stopped: History Delete Directives
2025-01-22 10:14:54.441: [INFO][Sync] Stopped: Device Info
2025-01-22 10:14:54.441: [INFO][Sync] Stopped: User Consents
2025-01-22 10:14:54.441: [INFO][Sync] Stopped: Send Tab To Self
2025-01-22 10:14:54.441: [INFO][Sync] Stopped: Web Apps
2025-01-22 10:14:54.441: [INFO][Sync] Stopped: History
2025-01-22 10:14:54.441: [INFO][Sync] Stopped: Collection
2025-01-22 10:14:54.441: [INFO][Sync] Stopped: Edge E Drop
2025-01-22 10:14:54.441: [INFO][Sync] Stopped: Edge Hub App Usage
2025-01-22 10:14:54.441: [INFO][Sync] Stopped: Edge Tab Group
2025-01-22 10:14:54.442: [INFO][Sync] Stopped: Edge Wallet
2025-01-22 10:14:54.567: [INFO][Sync] Try to start sync engine
2025-01-22 10:14:54.568: [INFO][SyncManagerImpl::NudgeForInitialDownload] Initial download nudge for Encryption Keys
2025-01-22 10:14:54.568: [INFO][SyncEngineBackend::LoadAndConnectNigoriController] Load and connect Nigori controller
2025-01-22 10:14:54.568: [INFO][SyncEngineBackend::DoInitialize] Control Types added: Encryption Keys
2025-01-22 10:14:54.568: [INFO][SyncManagerImpl::ConfigureSyncer] Types to download: Encryption Keys with reason: 3
2025-01-22 10:14:54.568: [INFO][SyncSchedulerImpl::DoConfigurationSyncCycleJob] Configure job was blocked
2025-01-22 10:14:54.724: [INFO][SyncAuthManager::SetLastAuthError] Current auth error: None
2025-01-22 10:14:54.724: [INFO][SyncAuthManager::EdgeLogTokenErrorState] Token error with: None for account type: MSA
2025-01-22 10:14:54.724: [INFO][Sync] Credentials changed for: EdgeSyncScopeNew
2025-01-22 10:14:55.438: [INFO][SyncAuthManager::SetLastAuthError] Current auth error: None
2025-01-22 10:14:55.438: [INFO][SyncAuthManager::EdgeLogTokenErrorState] Token error with: None for account type: MSA
2025-01-22 10:14:55.438: [INFO][Sync] Credentials changed for: EdgeSyncKeyDataScope
2025-01-22 10:14:55.438: [INFO][SyncEngineBackend::DoUpdateKeyDataCredentials] Update key data credentials
2025-01-22 10:14:55.438: [INFO][SyncEngineBackend::DoUpdateCredentials] Update credentials
2025-01-22 10:14:55.438: [INFO][SyncSchedulerImpl::DoConfigurationSyncCycleJob] Blocked types:  and types to download: Encryption Keys
2025-01-22 10:14:55.610: [INFO][Sync] Started DataTypeManager configuration, reason: 4
2025-01-22 10:14:55.611: [INFO][Sync] Configuring for: Bookmarks, Preferences, Passwords, Autofill Profiles, Autofill, Typed URLs, Extensions, Sessions, Extension settings, History Delete Directives, Device Info, User Consents, Send Tab To Self, Web Apps, History, Collection, Edge E Drop, Edge Hub App Usage, Edge Tab Group, Edge Wallet, Encryption Keys, reason: 3, current state: 0
2025-01-22 10:14:55.611: [INFO][Sync] Configure, desired: Bookmarks, Preferences, Typed URLs, Extensions, Sessions, Extension settings, History Delete Directives, Device Info, User Consents, Send Tab To Self, Web Apps, History, Collection, Edge E Drop, Edge Hub App Usage, Edge Tab Group, Edge Wallet, Encryption Keys; Allow fail: Passwords, Autofill Profiles, Autofill
2025-01-22 10:14:55.612: [INFO][Sync] Loading: Bookmarks
2025-01-22 10:14:55.612: [INFO][Sync] Loading: Preferences
2025-01-22 10:14:55.612: [INFO][Sync] Loading: Typed URLs
2025-01-22 10:14:55.612: [INFO][Sync] Loading: Extensions
2025-01-22 10:14:55.612: [INFO][Sync] Loading: Sessions
2025-01-22 10:14:55.612: [INFO][Sync] Loading: Extension settings
2025-01-22 10:14:55.612: [INFO][Sync] Loading: History Delete Directives
2025-01-22 10:14:55.612: [INFO][Sync] Loading: Device Info
2025-01-22 10:14:55.612: [INFO][Sync] Loading: User Consents
2025-01-22 10:14:55.612: [INFO][Sync] Loading: Send Tab To Self
2025-01-22 10:14:55.612: [INFO][Sync] Loading: Web Apps
2025-01-22 10:14:55.612: [INFO][Sync] Loading: History
2025-01-22 10:14:55.612: [INFO][Sync] Loading: Collection
2025-01-22 10:14:55.612: [INFO][Sync] Loading: Edge E Drop
2025-01-22 10:14:55.612: [INFO][Sync] Loading: Edge Hub App Usage
2025-01-22 10:14:55.612: [INFO][Sync] Loading: Edge Tab Group
2025-01-22 10:14:55.612: [INFO][Sync] Loading: Edge Wallet
2025-01-22 10:14:55.614: [INFO][Sync] All data types are ready for configure.
2025-01-22 10:14:55.979: [INFO][SyncEngineBackend::DoStartConfiguration] Start configuration
2025-01-22 10:14:55.980: [INFO][SyncManagerImpl::NudgeForInitialDownload] Initial download nudge for Bookmarks
2025-01-22 10:14:55.980: [INFO][SyncManagerImpl::NudgeForInitialDownload] Initial download nudge for Preferences
2025-01-22 10:14:55.980: [INFO][SyncManagerImpl::NudgeForInitialDownload] Initial download nudge for Typed URLs
2025-01-22 10:14:55.980: [INFO][SyncManagerImpl::NudgeForInitialDownload] Initial download nudge for Extensions
2025-01-22 10:14:55.980: [INFO][SyncManagerImpl::NudgeForInitialDownload] Initial download nudge for Sessions
2025-01-22 10:14:55.980: [INFO][SyncManagerImpl::NudgeForInitialDownload] Initial download nudge for Extension settings
2025-01-22 10:14:55.980: [INFO][SyncManagerImpl::NudgeForInitialDownload] Initial download nudge for History Delete Directives
2025-01-22 10:14:55.980: [INFO][SyncManagerImpl::NudgeForInitialDownload] Initial download nudge for Device Info
2025-01-22 10:14:55.980: [INFO][SyncManagerImpl::NudgeForInitialDownload] Initial download nudge for Send Tab To Self
2025-01-22 10:14:55.980: [INFO][SyncManagerImpl::NudgeForInitialDownload] Initial download nudge for Web Apps
2025-01-22 10:14:55.980: [INFO][SyncManagerImpl::NudgeForInitialDownload] Initial download nudge for History
2025-01-22 10:14:55.980: [INFO][SyncManagerImpl::NudgeForInitialDownload] Initial download nudge for Collection
2025-01-22 10:14:55.980: [INFO][SyncManagerImpl::NudgeForInitialDownload] Initial download nudge for Edge E Drop
2025-01-22 10:14:55.980: [INFO][SyncManagerImpl::NudgeForInitialDownload] Initial download nudge for Edge Hub App Usage
2025-01-22 10:14:55.980: [INFO][SyncManagerImpl::NudgeForInitialDownload] Initial download nudge for Edge Tab Group
2025-01-22 10:14:55.980: [INFO][SyncManagerImpl::NudgeForInitialDownload] Initial download nudge for Edge Wallet
2025-01-22 10:14:55.980: [INFO][SyncManagerImpl::ConfigureSyncer] Types to download:  with reason: 3
2025-01-22 10:14:55.980: [INFO][SyncEngineBackend::DoFinishConfigureDataTypes] Failed to download types:  and succeeded types: 
2025-01-22 10:14:55.982: [INFO][Sync] Started DataTypeManager configuration, reason: 5
2025-01-22 10:14:55.983: [INFO][Sync] Configuring for: Bookmarks, Preferences, Passwords, Autofill Profiles, Autofill, Typed URLs, Extensions, Sessions, Extension settings, History Delete Directives, Device Info, User Consents, Send Tab To Self, Web Apps, History, Collection, Edge E Drop, Edge Hub App Usage, Edge Tab Group, Edge Wallet, Encryption Keys, reason: 5, current state: 1
2025-01-22 10:14:55.984: [INFO][Sync] ConfigurationDone, failed: , succeeded: , remaining count: 4
2025-01-22 10:14:55.984: [WARN][Sync]     Reconfigure requested while configuration ongoing.
2025-01-22 10:14:55.984: [INFO][Sync] Configuring for: Bookmarks, Preferences, Passwords, Autofill Profiles, Autofill, Typed URLs, Extensions, Sessions, Extension settings, History Delete Directives, Device Info, User Consents, Send Tab To Self, Web Apps, History, Collection, Edge E Drop, Edge Hub App Usage, Edge Tab Group, Edge Wallet, Encryption Keys, reason: 5, current state: 2
2025-01-22 10:14:55.984: [INFO][Sync] Configure, desired: Bookmarks, Preferences, Passwords, Autofill Profiles, Autofill, Typed URLs, Extensions, Sessions, Extension settings, History Delete Directives, Device Info, User Consents, Send Tab To Self, Web Apps, History, Collection, Edge E Drop, Edge Hub App Usage, Edge Tab Group, Edge Wallet, Encryption Keys; Allow fail: 
2025-01-22 10:14:55.984: [INFO][Sync] Loading: Passwords
2025-01-22 10:14:55.984: [INFO][Sync] Loading: Autofill Profiles
2025-01-22 10:14:55.984: [INFO][Sync] Loading: Autofill
2025-01-22 10:14:55.985: [INFO][Sync] All data types are ready for configure.
2025-01-22 10:14:55.985: [INFO][SyncManagerImpl::NudgeForInitialDownload] Initial download nudge for Passwords
2025-01-22 10:14:55.985: [INFO][SyncManagerImpl::NudgeForInitialDownload] Initial download nudge for Autofill Profiles
2025-01-22 10:14:55.985: [INFO][SyncManagerImpl::NudgeForInitialDownload] Initial download nudge for Autofill
2025-01-22 10:14:55.985: [INFO][SyncManagerImpl::ConfigureSyncer] Types to download:  with reason: 5
2025-01-22 10:14:55.985: [INFO][SyncEngineBackend::DoFinishConfigureDataTypes] Failed to download types:  and succeeded types: 
2025-01-22 10:14:55.986: [INFO][Sync] ConfigurationDone, failed: , succeeded: , remaining count: 4
2025-01-22 10:14:55.986: [INFO][Sync] Prepare to configure types: Preferences, Passwords, Device Info, Send Tab To Self, Edge E Drop, Encryption Keys
2025-01-22 10:14:55.986: [INFO][SyncManagerImpl::ConfigureSyncer] Types to download: Preferences, Passwords, Device Info, Send Tab To Self, Edge E Drop, Encryption Keys with reason: 5
2025-01-22 10:14:55.986: [INFO][SyncSchedulerImpl::DoConfigurationSyncCycleJob] Blocked types:  and types to download: Preferences, Passwords, Device Info, Send Tab To Self, Edge E Drop, Encryption Keys
2025-01-22 10:14:56.415: [INFO][SyncEngineBackend::DoFinishConfigureDataTypes] Failed to download types:  and succeeded types: Preferences, Passwords, Device Info, Send Tab To Self, Edge E Drop, Encryption Keys
2025-01-22 10:14:56.418: [INFO][Sync] ConfigurationDone, failed: , succeeded: Preferences, Passwords, Device Info, Send Tab To Self, Edge E Drop, Encryption Keys, remaining count: 3
2025-01-22 10:14:56.418: [INFO][Sync] Prepare to configure types: Bookmarks, Encryption Keys
2025-01-22 10:14:56.419: [INFO][SyncManagerImpl::ConfigureSyncer] Types to download: Bookmarks, Encryption Keys with reason: 5
2025-01-22 10:14:56.419: [INFO][SyncSchedulerImpl::DoConfigurationSyncCycleJob] Blocked types:  and types to download: Bookmarks, Encryption Keys
2025-01-22 10:14:56.634: [INFO][SyncEngineBackend::DoFinishConfigureDataTypes] Failed to download types:  and succeeded types: Bookmarks, Encryption Keys
2025-01-22 10:14:56.635: [INFO][Sync] ConfigurationDone, failed: , succeeded: Bookmarks, Encryption Keys, remaining count: 2
2025-01-22 10:14:56.635: [INFO][Sync] Prepare to configure types: Autofill Profiles, Autofill, Typed URLs, Extensions, Sessions, Extension settings, History Delete Directives, Web Apps, Collection, Edge Hub App Usage, Edge Tab Group, Edge Wallet, Encryption Keys
2025-01-22 10:14:56.635: [INFO][SyncManagerImpl::ConfigureSyncer] Types to download: Autofill Profiles, Autofill, Typed URLs, Extensions, Sessions, Extension settings, History Delete Directives, Web Apps, Collection, Edge Hub App Usage, Edge Tab Group, Edge Wallet, Encryption Keys with reason: 5
2025-01-22 10:14:56.922: [INFO][SyncSchedulerImpl::DoConfigurationSyncCycleJob] Blocked types:  and types to download: Autofill Profiles, Autofill, Typed URLs, Extensions, Sessions, Extension settings, History Delete Directives, Web Apps, Collection, Edge Hub App Usage, Edge Tab Group, Edge Wallet, Encryption Keys
2025-01-22 10:15:01.533: [INFO][SyncEngineBackend::DoFinishConfigureDataTypes] Failed to download types:  and succeeded types: Autofill Profiles, Autofill, Typed URLs, Extensions, Sessions, Extension settings, History Delete Directives, Web Apps, Collection, Edge Hub App Usage, Edge Tab Group, Edge Wallet, Encryption Keys
2025-01-22 10:15:01.540: [INFO][Sync] ConfigurationDone, failed: , succeeded: Autofill Profiles, Autofill, Typed URLs, Extensions, Sessions, Extension settings, History Delete Directives, Web Apps, Collection, Edge Hub App Usage, Edge Tab Group, Edge Wallet, Encryption Keys, remaining count: 1
2025-01-22 10:15:01.541: [INFO][Sync] Prepare to configure types: History, Encryption Keys
2025-01-22 10:15:01.541: [INFO][SyncManagerImpl::ConfigureSyncer] Types to download: History, Encryption Keys with reason: 5
2025-01-22 10:15:01.541: [INFO][SyncSchedulerImpl::DoConfigurationSyncCycleJob] Blocked types:  and types to download: History, Encryption Keys
2025-01-22 10:15:02.916: [INFO][SyncEngineBackend::DoFinishConfigureDataTypes] Failed to download types:  and succeeded types: History, Encryption Keys
2025-01-22 10:15:02.959: [INFO][Sync] ConfigurationDone, failed: , succeeded: History, Encryption Keys, remaining count: 0
2025-01-22 10:15:02.991: [INFO][Sync]     Configuration completed, state: 7
2025-01-22 10:15:02.991: [INFO][Sync] Configured DataTypeManager: Ok
2025-01-22 10:15:03.008: [INFO][SyncEngineBackend::DoStartSyncing] Start syncing
2025-01-22 10:15:06.674: [INFO][Sync] Reset engine, reason: 0
2025-01-22 10:15:06.674: [INFO][Sync] Reset engine with reason: 0
2025-01-22 10:26:46.384: [INFO][Sync] SyncState after authenticated was: FeatureCanStart
2025-01-22 10:26:47.091: [INFO][Sync] Try to start sync engine
2025-01-22 10:26:47.093: [INFO][SyncManagerImpl::NudgeForInitialDownload] Initial download nudge for Encryption Keys
2025-01-22 10:26:47.093: [INFO][SyncEngineBackend::LoadAndConnectNigoriController] Load and connect Nigori controller
2025-01-22 10:26:47.093: [INFO][SyncEngineBackend::DoInitialize] Control Types added: Encryption Keys
2025-01-22 10:26:47.093: [INFO][SyncManagerImpl::ConfigureSyncer] Types to download: Encryption Keys with reason: 3
2025-01-22 10:26:47.093: [INFO][SyncSchedulerImpl::DoConfigurationSyncCycleJob] Configure job was blocked
2025-01-22 10:26:47.140: [INFO][SyncAuthManager::SetLastAuthError] Current auth error: None
2025-01-22 10:26:47.140: [INFO][SyncAuthManager::EdgeLogTokenErrorState] Token error with: None for account type: MSA
2025-01-22 10:26:47.140: [INFO][Sync] Credentials changed for: EdgeSyncScopeNew
2025-01-22 10:26:47.454: [INFO][SyncAuthManager::SetLastAuthError] Current auth error: None
2025-01-22 10:26:47.454: [INFO][SyncAuthManager::EdgeLogTokenErrorState] Token error with: None for account type: MSA
2025-01-22 10:26:47.454: [INFO][Sync] Credentials changed for: EdgeSyncKeyDataScope
2025-01-22 10:26:47.454: [INFO][SyncEngineBackend::DoUpdateKeyDataCredentials] Update key data credentials
2025-01-22 10:26:47.454: [INFO][SyncEngineBackend::DoUpdateCredentials] Update credentials
2025-01-22 10:26:47.454: [INFO][SyncSchedulerImpl::DoConfigurationSyncCycleJob] Blocked types:  and types to download: Encryption Keys
2025-01-22 10:26:47.940: [INFO][Sync] Started DataTypeManager configuration, reason: 4
2025-01-22 10:26:47.940: [INFO][Sync] Configuring for: Bookmarks, Preferences, Passwords, Autofill Profiles, Autofill, Extensions, Sessions, Extension settings, History Delete Directives, Device Info, User Consents, Send Tab To Self, Web Apps, History, Collection, Edge E Drop, Edge Hub App Usage, Edge Tab Group, Edge Wallet, Encryption Keys, reason: 4, current state: 0
2025-01-22 10:26:47.956: [INFO][Sync] Configure, desired: Bookmarks, Preferences, Extensions, Sessions, Extension settings, History Delete Directives, Device Info, User Consents, Send Tab To Self, Web Apps, History, Collection, Edge E Drop, Edge Hub App Usage, Edge Tab Group, Edge Wallet, Encryption Keys; Allow fail: Passwords, Autofill Profiles, Autofill
2025-01-22 10:26:47.956: [INFO][Sync] Loading: Bookmarks
2025-01-22 10:26:47.956: [INFO][Sync] Loading: Preferences
2025-01-22 10:26:47.956: [INFO][Sync] Loading: Extensions
2025-01-22 10:26:47.957: [INFO][Sync] Loading: Sessions
2025-01-22 10:26:47.957: [INFO][Sync] Loading: Extension settings
2025-01-22 10:26:47.957: [INFO][Sync] Loading: History Delete Directives
2025-01-22 10:26:47.957: [INFO][Sync] Loading: Device Info
2025-01-22 10:26:47.957: [INFO][Sync] Loading: User Consents
2025-01-22 10:26:47.957: [INFO][Sync] Loading: Send Tab To Self
2025-01-22 10:26:47.957: [INFO][Sync] Loading: Web Apps
2025-01-22 10:26:47.957: [INFO][Sync] Loading: History
2025-01-22 10:26:47.957: [INFO][Sync] Loading: Collection
2025-01-22 10:26:47.957: [INFO][Sync] Loading: Edge E Drop
2025-01-22 10:26:47.957: [INFO][Sync] Loading: Edge Hub App Usage
2025-01-22 10:26:47.957: [INFO][Sync] Loading: Edge Tab Group
2025-01-22 10:26:47.957: [INFO][Sync] Loading: Edge Wallet
2025-01-22 10:26:47.985: [INFO][Sync] All data types are ready for configure.
2025-01-22 10:26:48.264: [INFO][SyncEngineBackend::DoStartConfiguration] Start configuration
2025-01-22 10:26:48.264: [INFO][SyncManagerImpl::ConfigureSyncer] Types to download:  with reason: 4
2025-01-22 10:26:48.264: [INFO][SyncEngineBackend::DoFinishConfigureDataTypes] Failed to download types:  and succeeded types: 
2025-01-22 10:26:48.284: [INFO][Sync] Started DataTypeManager configuration, reason: 5
2025-01-22 10:26:48.284: [INFO][Sync] Configuring for: Bookmarks, Preferences, Passwords, Autofill Profiles, Autofill, Extensions, Sessions, Extension settings, History Delete Directives, Device Info, User Consents, Send Tab To Self, Web Apps, History, Collection, Edge E Drop, Edge Hub App Usage, Edge Tab Group, Edge Wallet, Encryption Keys, reason: 5, current state: 1
2025-01-22 10:26:48.306: [INFO][Sync] ConfigurationDone, failed: , succeeded: , remaining count: 4
2025-01-22 10:26:48.306: [WARN][Sync]     Reconfigure requested while configuration ongoing.
2025-01-22 10:26:48.306: [INFO][Sync] Configuring for: Bookmarks, Preferences, Passwords, Autofill Profiles, Autofill, Extensions, Sessions, Extension settings, History Delete Directives, Device Info, User Consents, Send Tab To Self, Web Apps, History, Collection, Edge E Drop, Edge Hub App Usage, Edge Tab Group, Edge Wallet, Encryption Keys, reason: 5, current state: 2
2025-01-22 10:26:48.306: [INFO][Sync] Configure, desired: Bookmarks, Preferences, Passwords, Autofill Profiles, Autofill, Extensions, Sessions, Extension settings, History Delete Directives, Device Info, User Consents, Send Tab To Self, Web Apps, History, Collection, Edge E Drop, Edge Hub App Usage, Edge Tab Group, Edge Wallet, Encryption Keys; Allow fail: 
2025-01-22 10:26:48.306: [INFO][Sync] Loading: Passwords
2025-01-22 10:26:48.306: [INFO][Sync] Loading: Autofill Profiles
2025-01-22 10:26:48.306: [INFO][Sync] Loading: Autofill
2025-01-22 10:26:48.307: [INFO][Sync] All data types are ready for configure.
2025-01-22 10:26:48.307: [INFO][SyncManagerImpl::NudgeForInitialDownload] Initial download nudge for Passwords
2025-01-22 10:26:48.307: [INFO][SyncManagerImpl::ConfigureSyncer] Types to download:  with reason: 5
2025-01-22 10:26:48.307: [INFO][SyncEngineBackend::DoFinishConfigureDataTypes] Failed to download types:  and succeeded types: 
2025-01-22 10:26:48.310: [INFO][Sync] ConfigurationDone, failed: , succeeded: , remaining count: 4
2025-01-22 10:26:48.310: [INFO][Sync] Prepare to configure types: Passwords, Encryption Keys
2025-01-22 10:26:48.310: [INFO][SyncManagerImpl::ConfigureSyncer] Types to download: Passwords, Encryption Keys with reason: 5
2025-01-22 10:26:48.310: [INFO][SyncSchedulerImpl::DoConfigurationSyncCycleJob] Blocked types:  and types to download: Passwords, Encryption Keys
2025-01-22 10:26:48.570: [INFO][SyncEngineBackend::DoFinishConfigureDataTypes] Failed to download types:  and succeeded types: Passwords, Encryption Keys
2025-01-22 10:26:48.587: [INFO][Sync] ConfigurationDone, failed: , succeeded: Passwords, Encryption Keys, remaining count: 3
2025-01-22 10:26:48.588: [INFO][SyncManagerImpl::ConfigureSyncer] Types to download:  with reason: 5
2025-01-22 10:26:48.588: [INFO][SyncEngineBackend::DoFinishConfigureDataTypes] Failed to download types:  and succeeded types: 
2025-01-22 10:26:48.589: [INFO][Sync] ConfigurationDone, failed: , succeeded: , remaining count: 2
2025-01-22 10:26:48.589: [INFO][SyncManagerImpl::ConfigureSyncer] Types to download:  with reason: 5
2025-01-22 10:26:48.589: [INFO][SyncEngineBackend::DoFinishConfigureDataTypes] Failed to download types:  and succeeded types: 
2025-01-22 10:26:48.592: [INFO][Sync] ConfigurationDone, failed: , succeeded: , remaining count: 1
2025-01-22 10:26:48.610: [INFO][SyncManagerImpl::ConfigureSyncer] Types to download:  with reason: 5
2025-01-22 10:26:48.610: [INFO][SyncEngineBackend::DoFinishConfigureDataTypes] Failed to download types:  and succeeded types: 
2025-01-22 10:26:48.610: [INFO][Sync] ConfigurationDone, failed: , succeeded: , remaining count: 0
2025-01-22 10:26:48.627: [INFO][Sync]     Configuration completed, state: 7
2025-01-22 10:26:48.628: [INFO][Sync] Configured DataTypeManager: Ok
2025-01-22 10:26:48.644: [INFO][SyncEngineBackend::DoStartSyncing] Start syncing
2025-01-22 10:27:00.728: [INFO][Sync] Reset engine, reason: 0
2025-01-22 10:27:00.728: [INFO][Sync] Reset engine with reason: 0
